2023-08-21 04:48:22.803  INFO 17380 --- [main] com.beemchallenge.caleb.Application      : Starting Application on geek with PID 17380 (C:\Users\25470\cybersource\BeemTechChallenge\target\classes started by makau in C:\Users\25470\cybersource\BeemTechChallenge)
2023-08-21 04:48:22.864  INFO 17380 --- [main] ationConfigEmbeddedWebApplicationContext : Refreshing org.springframework.boot.context.embedded.AnnotationConfigEmbeddedWebApplicationContext@441306ec: startup date [Mon Aug 21 04:48:22 EAT 2023]; root of context hierarchy
2023-08-21 04:48:24.202  INFO 17380 --- [main] o.s.b.f.s.DefaultListableBeanFactory     : Overriding bean definition for bean 'beanNameViewResolver': replacing [Root bean: class [null]; scope=; abstract=false; lazyInit=false; autowireMode=3; dependencyCheck=0; autowireCandidate=true; primary=false; factoryBeanName=org.springframework.boot.autoconfigure.web.ErrorMvcAutoConfiguration$WhitelabelErrorViewConfiguration; factoryMethodName=beanNameViewResolver; initMethodName=null; destroyMethodName=(inferred); defined in class path resource [org/springframework/boot/autoconfigure/web/ErrorMvcAutoConfiguration$WhitelabelErrorViewConfiguration.class]] with [Root bean: class [null]; scope=; abstract=false; lazyInit=false; autowireMode=3; dependencyCheck=0; autowireCandidate=true; primary=false; factoryBeanName=org.springframework.boot.autoconfigure.web.WebMvcAutoConfiguration$WebMvcAutoConfigurationAdapter; factoryMethodName=beanNameViewResolver; initMethodName=null; destroyMethodName=(inferred); defined in class path resource [org/springframework/boot/autoconfigure/web/WebMvcAutoConfiguration$WebMvcAutoConfigurationAdapter.class]]
2023-08-21 04:48:25.435  INFO 17380 --- [main] trationDelegate$BeanPostProcessorChecker : Bean 'org.springframework.scheduling.annotation.ProxyAsyncConfiguration' of type [class org.springframework.scheduling.annotation.ProxyAsyncConfiguration$$EnhancerBySpringCGLIB$$9ccbd33b] is not eligible for getting processed by all BeanPostProcessors (for example: not eligible for auto-proxying)
2023-08-21 04:48:25.640  INFO 17380 --- [main] trationDelegate$BeanPostProcessorChecker : Bean 'org.springframework.transaction.annotation.ProxyTransactionManagementConfiguration' of type [class org.springframework.transaction.annotation.ProxyTransactionManagementConfiguration$$EnhancerBySpringCGLIB$$85a75afa] is not eligible for getting processed by all BeanPostProcessors (for example: not eligible for auto-proxying)
2023-08-21 04:48:25.686  INFO 17380 --- [main] trationDelegate$BeanPostProcessorChecker : Bean 'transactionAttributeSource' of type [class org.springframework.transaction.annotation.AnnotationTransactionAttributeSource] is not eligible for getting processed by all BeanPostProcessors (for example: not eligible for auto-proxying)
2023-08-21 04:48:25.705  INFO 17380 --- [main] trationDelegate$BeanPostProcessorChecker : Bean 'transactionInterceptor' of type [class org.springframework.transaction.interceptor.TransactionInterceptor] is not eligible for getting processed by all BeanPostProcessors (for example: not eligible for auto-proxying)
2023-08-21 04:48:25.716  INFO 17380 --- [main] trationDelegate$BeanPostProcessorChecker : Bean 'org.springframework.transaction.config.internalTransactionAdvisor' of type [class org.springframework.transaction.interceptor.BeanFactoryTransactionAttributeSourceAdvisor] is not eligible for getting processed by all BeanPostProcessors (for example: not eligible for auto-proxying)
2023-08-21 04:48:27.630  INFO 17380 --- [main] s.b.c.e.t.TomcatEmbeddedServletContainer : Tomcat initialized with port(s): 8081 (http)
2023-08-21 04:48:27.870  INFO 17380 --- [main] o.apache.catalina.core.StandardService   : Starting service Tomcat
2023-08-21 04:48:27.872  INFO 17380 --- [main] org.apache.catalina.core.StandardEngine  : Starting Servlet Engine: Apache Tomcat/8.0.23
2023-08-21 04:48:28.053  INFO 17380 --- [localhost-startStop-1] o.a.c.c.C.[Tomcat].[localhost].[/]       : Initializing Spring embedded WebApplicationContext
2023-08-21 04:48:28.053  INFO 17380 --- [localhost-startStop-1] o.s.web.context.ContextLoader            : Root WebApplicationContext: initialization completed in 5189 ms
2023-08-21 04:48:29.076  INFO 17380 --- [localhost-startStop-1] o.s.b.c.e.ServletRegistrationBean        : Mapping servlet: 'dispatcherServlet' to [/]
2023-08-21 04:48:29.085  INFO 17380 --- [localhost-startStop-1] o.s.b.c.embedded.FilterRegistrationBean  : Mapping filter: 'characterEncodingFilter' to: [/*]
2023-08-21 04:48:29.086  INFO 17380 --- [localhost-startStop-1] o.s.b.c.embedded.FilterRegistrationBean  : Mapping filter: 'hiddenHttpMethodFilter' to: [/*]
2023-08-21 04:48:29.600  INFO 17380 --- [main] j.LocalContainerEntityManagerFactoryBean : Building JPA container EntityManagerFactory for persistence unit 'default'
2023-08-21 04:48:29.610  INFO 17380 --- [main] o.hibernate.jpa.internal.util.LogHelper  : HHH000204: Processing PersistenceUnitInfo [
	name: default
	...]
2023-08-21 04:48:29.759  INFO 17380 --- [main] org.hibernate.Version                    : HHH000412: Hibernate Core {4.3.10.Final}
2023-08-21 04:48:29.762  INFO 17380 --- [main] org.hibernate.cfg.Environment            : HHH000206: hibernate.properties not found
2023-08-21 04:48:29.764  INFO 17380 --- [main] org.hibernate.cfg.Environment            : HHH000021: Bytecode provider name : javassist
2023-08-21 04:48:30.080  INFO 17380 --- [main] o.hibernate.annotations.common.Version   : HCANN000001: Hibernate Commons Annotations {4.0.5.Final}
2023-08-21 04:48:30.331  INFO 17380 --- [main] org.hibernate.dialect.Dialect            : HHH000400: Using dialect: org.hibernate.dialect.H2Dialect
2023-08-21 04:48:30.482  INFO 17380 --- [main] o.h.h.i.ast.ASTQueryTranslatorFactory    : HHH000397: Using ASTQueryTranslatorFactory
2023-08-21 04:48:30.809  INFO 17380 --- [main] org.hibernate.tool.hbm2ddl.SchemaExport  : HHH000227: Running hbm2ddl schema export
2023-08-21 04:48:30.824  INFO 17380 --- [main] org.hibernate.tool.hbm2ddl.SchemaExport  : HHH000230: Schema export complete
2023-08-21 04:48:31.457  INFO 17380 --- [main] s.w.s.m.m.a.RequestMappingHandlerAdapter : Looking for @ControllerAdvice: org.springframework.boot.context.embedded.AnnotationConfigEmbeddedWebApplicationContext@441306ec: startup date [Mon Aug 21 04:48:22 EAT 2023]; root of context hierarchy
2023-08-21 04:48:31.538  INFO 17380 --- [main] s.w.s.m.m.a.RequestMappingHandlerMapping : Mapped "{[/elevators],methods=[GET]}" onto public java.util.List<com.beemchallenge.caleb.business.Elevator> com.beemchallenge.caleb.controller.ElevatorController.findElevators()
2023-08-21 04:48:31.539  INFO 17380 --- [main] s.w.s.m.m.a.RequestMappingHandlerMapping : Mapped "{[/elevators/floorNo/{floorNo}/toFloorNo/{toFloorNo}/noOfPeople/{noOfPeople}],methods=[GET]}" onto public com.beemchallenge.caleb.business.Elevator com.beemchallenge.caleb.controller.ElevatorController.requestElevator(int,int,int)
2023-08-21 04:48:31.540  INFO 17380 --- [main] s.w.s.m.m.a.RequestMappingHandlerMapping : Mapped "{[/elevatormovements],methods=[GET]}" onto public java.util.List<com.beemchallenge.caleb.model.ElevatorMovement> com.beemchallenge.caleb.controller.ElevatorMovementController.findElevatorMovements()
2023-08-21 04:48:31.541  INFO 17380 --- [main] s.w.s.m.m.a.RequestMappingHandlerMapping : Mapped "{[/elevatormovements/{elevatorID}],methods=[GET]}" onto public java.util.List<com.beemchallenge.caleb.model.ElevatorMovement> com.beemchallenge.caleb.controller.ElevatorMovementController.findElevatorMovementsOfElevator(java.lang.String)
2023-08-21 04:48:31.542  INFO 17380 --- [main] s.w.s.m.m.a.RequestMappingHandlerMapping : Mapped "{[/error],produces=[text/html]}" onto public org.springframework.web.servlet.ModelAndView org.springframework.boot.autoconfigure.web.BasicErrorController.errorHtml(javax.servlet.http.HttpServletRequest)
2023-08-21 04:48:31.542  INFO 17380 --- [main] s.w.s.m.m.a.RequestMappingHandlerMapping : Mapped "{[/error]}" onto public org.springframework.http.ResponseEntity<java.util.Map<java.lang.String, java.lang.Object>> org.springframework.boot.autoconfigure.web.BasicErrorController.error(javax.servlet.http.HttpServletRequest)
2023-08-21 04:48:31.548  INFO 17380 --- [main] o.s.w.s.c.a.WebMvcConfigurerAdapter      : Adding welcome page: file:/C:/Users/25470/cybersource/BeemTechChallenge/target/classes/static/index.html
2023-08-21 04:48:31.565  INFO 17380 --- [main] o.s.w.s.handler.SimpleUrlHandlerMapping  : Root mapping to handler of type [class org.springframework.web.servlet.mvc.ParameterizableViewController]
2023-08-21 04:48:31.577  INFO 17380 --- [main] o.s.w.s.handler.SimpleUrlHandlerMapping  : Mapped URL path [/webjars/**] onto handler of type [class org.springframework.web.servlet.resource.ResourceHttpRequestHandler]
2023-08-21 04:48:31.577  INFO 17380 --- [main] o.s.w.s.handler.SimpleUrlHandlerMapping  : Mapped URL path [/**] onto handler of type [class org.springframework.web.servlet.resource.ResourceHttpRequestHandler]
2023-08-21 04:48:31.632  INFO 17380 --- [main] o.s.w.s.handler.SimpleUrlHandlerMapping  : Mapped URL path [/**/favicon.ico] onto handler of type [class org.springframework.web.servlet.resource.ResourceHttpRequestHandler]
2023-08-21 04:48:31.905  INFO 17380 --- [main] o.s.j.e.a.AnnotationMBeanExporter        : Registering beans for JMX exposure on startup
2023-08-21 04:48:31.979  INFO 17380 --- [main] s.b.c.e.t.TomcatEmbeddedServletContainer : Tomcat started on port(s): 8081 (http)
2023-08-21 04:48:31.983  INFO 17380 --- [main] com.beemchallenge.caleb.Application      : Started Application in 9.625 seconds (JVM running for 10.527)
2023-08-21 04:48:54.376  INFO 17380 --- [http-nio-8081-exec-1] o.a.c.c.C.[Tomcat].[localhost].[/]       : Initializing Spring FrameworkServlet 'dispatcherServlet'
2023-08-21 04:48:54.378  INFO 17380 --- [http-nio-8081-exec-1] o.s.web.servlet.DispatcherServlet        : FrameworkServlet 'dispatcherServlet': initialization started
2023-08-21 04:48:54.435  INFO 17380 --- [http-nio-8081-exec-1] o.s.web.servlet.DispatcherServlet        : FrameworkServlet 'dispatcherServlet': initialization completed in 55 ms
2023-08-21 04:53:26.687  INFO 17380 --- [Thread-1] ationConfigEmbeddedWebApplicationContext : Closing org.springframework.boot.context.embedded.AnnotationConfigEmbeddedWebApplicationContext@441306ec: startup date [Mon Aug 21 04:48:22 EAT 2023]; root of context hierarchy
2023-08-21 04:53:26.692  INFO 17380 --- [Thread-1] o.s.j.e.a.AnnotationMBeanExporter        : Unregistering JMX-exposed beans on shutdown
2023-08-21 04:53:26.725  INFO 17380 --- [Thread-1] j.LocalContainerEntityManagerFactoryBean : Closing JPA EntityManagerFactory for persistence unit 'default'
2023-08-21 04:53:26.729  INFO 17380 --- [Thread-1] org.hibernate.tool.hbm2ddl.SchemaExport  : HHH000227: Running hbm2ddl schema export
2023-08-21 04:53:26.747  INFO 17380 --- [Thread-1] org.hibernate.tool.hbm2ddl.SchemaExport  : HHH000230: Schema export complete
2023-08-21 04:53:38.399  INFO 14484 --- [main] com.beemchallenge.caleb.Application      : Starting Application on geek with PID 14484 (C:\Users\25470\cybersource\BeemTechChallenge\target\classes started by makau in C:\Users\25470\cybersource\BeemTechChallenge)
2023-08-21 04:53:38.470  INFO 14484 --- [main] ationConfigEmbeddedWebApplicationContext : Refreshing org.springframework.boot.context.embedded.AnnotationConfigEmbeddedWebApplicationContext@a92d558c: startup date [Mon Aug 21 04:53:38 EAT 2023]; root of context hierarchy
2023-08-21 04:53:39.920  INFO 14484 --- [main] o.s.b.f.s.DefaultListableBeanFactory     : Overriding bean definition for bean 'beanNameViewResolver': replacing [Root bean: class [null]; scope=; abstract=false; lazyInit=false; autowireMode=3; dependencyCheck=0; autowireCandidate=true; primary=false; factoryBeanName=org.springframework.boot.autoconfigure.web.ErrorMvcAutoConfiguration$WhitelabelErrorViewConfiguration; factoryMethodName=beanNameViewResolver; initMethodName=null; destroyMethodName=(inferred); defined in class path resource [org/springframework/boot/autoconfigure/web/ErrorMvcAutoConfiguration$WhitelabelErrorViewConfiguration.class]] with [Root bean: class [null]; scope=; abstract=false; lazyInit=false; autowireMode=3; dependencyCheck=0; autowireCandidate=true; primary=false; factoryBeanName=org.springframework.boot.autoconfigure.web.WebMvcAutoConfiguration$WebMvcAutoConfigurationAdapter; factoryMethodName=beanNameViewResolver; initMethodName=null; destroyMethodName=(inferred); defined in class path resource [org/springframework/boot/autoconfigure/web/WebMvcAutoConfiguration$WebMvcAutoConfigurationAdapter.class]]
2023-08-21 04:53:42.547  INFO 14484 --- [main] trationDelegate$BeanPostProcessorChecker : Bean 'org.springframework.scheduling.annotation.ProxyAsyncConfiguration' of type [class org.springframework.scheduling.annotation.ProxyAsyncConfiguration$$EnhancerBySpringCGLIB$$342a1eea] is not eligible for getting processed by all BeanPostProcessors (for example: not eligible for auto-proxying)
2023-08-21 04:53:42.923  INFO 14484 --- [main] trationDelegate$BeanPostProcessorChecker : Bean 'org.springframework.transaction.annotation.ProxyTransactionManagementConfiguration' of type [class org.springframework.transaction.annotation.ProxyTransactionManagementConfiguration$$EnhancerBySpringCGLIB$$1d05a6a9] is not eligible for getting processed by all BeanPostProcessors (for example: not eligible for auto-proxying)
2023-08-21 04:53:42.969  INFO 14484 --- [main] trationDelegate$BeanPostProcessorChecker : Bean 'transactionAttributeSource' of type [class org.springframework.transaction.annotation.AnnotationTransactionAttributeSource] is not eligible for getting processed by all BeanPostProcessors (for example: not eligible for auto-proxying)
2023-08-21 04:53:43.004  INFO 14484 --- [main] trationDelegate$BeanPostProcessorChecker : Bean 'transactionInterceptor' of type [class org.springframework.transaction.interceptor.TransactionInterceptor] is not eligible for getting processed by all BeanPostProcessors (for example: not eligible for auto-proxying)
2023-08-21 04:53:43.016  INFO 14484 --- [main] trationDelegate$BeanPostProcessorChecker : Bean 'org.springframework.transaction.config.internalTransactionAdvisor' of type [class org.springframework.transaction.interceptor.BeanFactoryTransactionAttributeSourceAdvisor] is not eligible for getting processed by all BeanPostProcessors (for example: not eligible for auto-proxying)
2023-08-21 04:53:45.585  INFO 14484 --- [main] s.b.c.e.t.TomcatEmbeddedServletContainer : Tomcat initialized with port(s): 8081 (http)
2023-08-21 04:53:45.884  INFO 14484 --- [main] o.apache.catalina.core.StandardService   : Starting service Tomcat
2023-08-21 04:53:45.889  INFO 14484 --- [main] org.apache.catalina.core.StandardEngine  : Starting Servlet Engine: Apache Tomcat/8.0.23
2023-08-21 04:53:46.211  INFO 14484 --- [localhost-startStop-1] o.a.c.c.C.[Tomcat].[localhost].[/]       : Initializing Spring embedded WebApplicationContext
2023-08-21 04:53:46.212  INFO 14484 --- [localhost-startStop-1] o.s.web.context.ContextLoader            : Root WebApplicationContext: initialization completed in 7743 ms
2023-08-21 04:53:47.653  INFO 14484 --- [localhost-startStop-1] o.s.b.c.e.ServletRegistrationBean        : Mapping servlet: 'dispatcherServlet' to [/]
2023-08-21 04:53:47.665  INFO 14484 --- [localhost-startStop-1] o.s.b.c.embedded.FilterRegistrationBean  : Mapping filter: 'characterEncodingFilter' to: [/*]
2023-08-21 04:53:47.666  INFO 14484 --- [localhost-startStop-1] o.s.b.c.embedded.FilterRegistrationBean  : Mapping filter: 'hiddenHttpMethodFilter' to: [/*]
2023-08-21 04:53:48.335  INFO 14484 --- [main] j.LocalContainerEntityManagerFactoryBean : Building JPA container EntityManagerFactory for persistence unit 'default'
2023-08-21 04:53:48.347  INFO 14484 --- [main] o.hibernate.jpa.internal.util.LogHelper  : HHH000204: Processing PersistenceUnitInfo [
	name: default
	...]
2023-08-21 04:53:48.598  INFO 14484 --- [main] org.hibernate.Version                    : HHH000412: Hibernate Core {4.3.10.Final}
2023-08-21 04:53:48.605  INFO 14484 --- [main] org.hibernate.cfg.Environment            : HHH000206: hibernate.properties not found
2023-08-21 04:53:48.609  INFO 14484 --- [main] org.hibernate.cfg.Environment            : HHH000021: Bytecode provider name : javassist
2023-08-21 04:53:49.028  INFO 14484 --- [main] o.hibernate.annotations.common.Version   : HCANN000001: Hibernate Commons Annotations {4.0.5.Final}
2023-08-21 04:53:49.329  INFO 14484 --- [main] org.hibernate.dialect.Dialect            : HHH000400: Using dialect: org.hibernate.dialect.H2Dialect
2023-08-21 04:53:49.478  INFO 14484 --- [main] o.h.h.i.ast.ASTQueryTranslatorFactory    : HHH000397: Using ASTQueryTranslatorFactory
2023-08-21 04:53:49.808  INFO 14484 --- [main] org.hibernate.tool.hbm2ddl.SchemaExport  : HHH000227: Running hbm2ddl schema export
2023-08-21 04:53:49.822  INFO 14484 --- [main] org.hibernate.tool.hbm2ddl.SchemaExport  : HHH000230: Schema export complete
2023-08-21 04:53:50.575  INFO 14484 --- [main] s.w.s.m.m.a.RequestMappingHandlerAdapter : Looking for @ControllerAdvice: org.springframework.boot.context.embedded.AnnotationConfigEmbeddedWebApplicationContext@a92d558c: startup date [Mon Aug 21 04:53:38 EAT 2023]; root of context hierarchy
2023-08-21 04:53:50.691  INFO 14484 --- [main] s.w.s.m.m.a.RequestMappingHandlerMapping : Mapped "{[/elevators],methods=[GET]}" onto public java.util.List<com.beemchallenge.caleb.business.Elevator> com.beemchallenge.caleb.controller.ElevatorController.findElevators()
2023-08-21 04:53:50.693  INFO 14484 --- [main] s.w.s.m.m.a.RequestMappingHandlerMapping : Mapped "{[/elevators/floorNo/{floorNo}/toFloorNo/{toFloorNo}/noOfPeople/{noOfPeople}],methods=[GET]}" onto public com.beemchallenge.caleb.business.Elevator com.beemchallenge.caleb.controller.ElevatorController.requestElevator(int,int,int)
2023-08-21 04:53:50.695  INFO 14484 --- [main] s.w.s.m.m.a.RequestMappingHandlerMapping : Mapped "{[/elevatormovements],methods=[GET]}" onto public java.util.List<com.beemchallenge.caleb.model.ElevatorMovement> com.beemchallenge.caleb.controller.ElevatorMovementController.findElevatorMovements()
2023-08-21 04:53:50.696  INFO 14484 --- [main] s.w.s.m.m.a.RequestMappingHandlerMapping : Mapped "{[/elevatormovements/{elevatorID}],methods=[GET]}" onto public java.util.List<com.beemchallenge.caleb.model.ElevatorMovement> com.beemchallenge.caleb.controller.ElevatorMovementController.findElevatorMovementsOfElevator(java.lang.String)
2023-08-21 04:53:50.698  INFO 14484 --- [main] s.w.s.m.m.a.RequestMappingHandlerMapping : Mapped "{[/error],produces=[text/html]}" onto public org.springframework.web.servlet.ModelAndView org.springframework.boot.autoconfigure.web.BasicErrorController.errorHtml(javax.servlet.http.HttpServletRequest)
2023-08-21 04:53:50.699  INFO 14484 --- [main] s.w.s.m.m.a.RequestMappingHandlerMapping : Mapped "{[/error]}" onto public org.springframework.http.ResponseEntity<java.util.Map<java.lang.String, java.lang.Object>> org.springframework.boot.autoconfigure.web.BasicErrorController.error(javax.servlet.http.HttpServletRequest)
2023-08-21 04:53:50.707  INFO 14484 --- [main] o.s.w.s.c.a.WebMvcConfigurerAdapter      : Adding welcome page: file:/C:/Users/25470/cybersource/BeemTechChallenge/target/classes/static/index.html
2023-08-21 04:53:50.728  INFO 14484 --- [main] o.s.w.s.handler.SimpleUrlHandlerMapping  : Root mapping to handler of type [class org.springframework.web.servlet.mvc.ParameterizableViewController]
2023-08-21 04:53:50.750  INFO 14484 --- [main] o.s.w.s.handler.SimpleUrlHandlerMapping  : Mapped URL path [/webjars/**] onto handler of type [class org.springframework.web.servlet.resource.ResourceHttpRequestHandler]
2023-08-21 04:53:50.751  INFO 14484 --- [main] o.s.w.s.handler.SimpleUrlHandlerMapping  : Mapped URL path [/**] onto handler of type [class org.springframework.web.servlet.resource.ResourceHttpRequestHandler]
2023-08-21 04:53:50.839  INFO 14484 --- [main] o.s.w.s.handler.SimpleUrlHandlerMapping  : Mapped URL path [/**/favicon.ico] onto handler of type [class org.springframework.web.servlet.resource.ResourceHttpRequestHandler]
2023-08-21 04:53:51.215  INFO 14484 --- [main] o.s.j.e.a.AnnotationMBeanExporter        : Registering beans for JMX exposure on startup
2023-08-21 04:53:51.316  INFO 14484 --- [main] s.b.c.e.t.TomcatEmbeddedServletContainer : Tomcat started on port(s): 8081 (http)
2023-08-21 04:53:51.319  INFO 14484 --- [main] com.beemchallenge.caleb.Application      : Started Application in 13.352 seconds (JVM running for 14.509)
2023-08-21 04:53:54.362  INFO 14484 --- [http-nio-8081-exec-1] o.a.c.c.C.[Tomcat].[localhost].[/]       : Initializing Spring FrameworkServlet 'dispatcherServlet'
2023-08-21 04:53:54.363  INFO 14484 --- [http-nio-8081-exec-1] o.s.web.servlet.DispatcherServlet        : FrameworkServlet 'dispatcherServlet': initialization started
2023-08-21 04:53:54.412  INFO 14484 --- [http-nio-8081-exec-1] o.s.web.servlet.DispatcherServlet        : FrameworkServlet 'dispatcherServlet': initialization completed in 49 ms
2023-08-21 04:54:42.845  INFO 14484 --- [http-nio-8081-exec-8] c.b.caleb.controller.ElevatorController  : Request elevator for floorNo:2, toFloorNo:8, noOfPeople:2
2023-08-21 04:54:42.848  INFO 14484 --- [http-nio-8081-exec-8] c.b.caleb.controller.ElevatorController  : Scheduled elevator A
2023-08-21 04:55:21.745  INFO 14484 --- [http-nio-8081-exec-2] c.b.caleb.controller.ElevatorController  : Request elevator for floorNo:8, toFloorNo:10, noOfPeople:1
2023-08-21 04:55:21.746  INFO 14484 --- [http-nio-8081-exec-2] c.b.caleb.controller.ElevatorController  : Scheduled elevator A
2023-08-21 04:55:56.978  INFO 14484 --- [http-nio-8081-exec-2] c.b.caleb.controller.ElevatorController  : Request elevator for floorNo:4, toFloorNo:10, noOfPeople:3
2023-08-21 04:55:56.979  INFO 14484 --- [http-nio-8081-exec-2] c.b.caleb.controller.ElevatorController  : Scheduled elevator B
2023-08-21 04:59:00.836  INFO 14484 --- [Thread-1] ationConfigEmbeddedWebApplicationContext : Closing org.springframework.boot.context.embedded.AnnotationConfigEmbeddedWebApplicationContext@a92d558c: startup date [Mon Aug 21 04:53:38 EAT 2023]; root of context hierarchy
2023-08-21 04:59:00.852  INFO 14484 --- [Thread-1] o.s.j.e.a.AnnotationMBeanExporter        : Unregistering JMX-exposed beans on shutdown
2023-08-21 04:59:00.859  INFO 14484 --- [Thread-1] j.LocalContainerEntityManagerFactoryBean : Closing JPA EntityManagerFactory for persistence unit 'default'
2023-08-21 04:59:00.886  INFO 14484 --- [Thread-1] org.hibernate.tool.hbm2ddl.SchemaExport  : HHH000227: Running hbm2ddl schema export
2023-08-21 04:59:00.899  INFO 14484 --- [Thread-1] org.hibernate.tool.hbm2ddl.SchemaExport  : HHH000230: Schema export complete
2023-08-21 04:59:07.537  INFO 13568 --- [main] com.beemchallenge.caleb.Application      : Starting Application on geek with PID 13568 (C:\Users\25470\cybersource\BeemTechChallenge\target\classes started by makau in C:\Users\25470\cybersource\BeemTechChallenge)
2023-08-21 04:59:07.601  INFO 13568 --- [main] ationConfigEmbeddedWebApplicationContext : Refreshing org.springframework.boot.context.embedded.AnnotationConfigEmbeddedWebApplicationContext@f6b9356f: startup date [Mon Aug 21 04:59:07 EAT 2023]; root of context hierarchy
2023-08-21 04:59:08.841  INFO 13568 --- [main] o.s.b.f.s.DefaultListableBeanFactory     : Overriding bean definition for bean 'beanNameViewResolver': replacing [Root bean: class [null]; scope=; abstract=false; lazyInit=false; autowireMode=3; dependencyCheck=0; autowireCandidate=true; primary=false; factoryBeanName=org.springframework.boot.autoconfigure.web.ErrorMvcAutoConfiguration$WhitelabelErrorViewConfiguration; factoryMethodName=beanNameViewResolver; initMethodName=null; destroyMethodName=(inferred); defined in class path resource [org/springframework/boot/autoconfigure/web/ErrorMvcAutoConfiguration$WhitelabelErrorViewConfiguration.class]] with [Root bean: class [null]; scope=; abstract=false; lazyInit=false; autowireMode=3; dependencyCheck=0; autowireCandidate=true; primary=false; factoryBeanName=org.springframework.boot.autoconfigure.web.WebMvcAutoConfiguration$WebMvcAutoConfigurationAdapter; factoryMethodName=beanNameViewResolver; initMethodName=null; destroyMethodName=(inferred); defined in class path resource [org/springframework/boot/autoconfigure/web/WebMvcAutoConfiguration$WebMvcAutoConfigurationAdapter.class]]
2023-08-21 04:59:09.959  INFO 13568 --- [main] trationDelegate$BeanPostProcessorChecker : Bean 'org.springframework.scheduling.annotation.ProxyAsyncConfiguration' of type [class org.springframework.scheduling.annotation.ProxyAsyncConfiguration$$EnhancerBySpringCGLIB$$ba966c3d] is not eligible for getting processed by all BeanPostProcessors (for example: not eligible for auto-proxying)
2023-08-21 04:59:10.179  INFO 13568 --- [main] trationDelegate$BeanPostProcessorChecker : Bean 'org.springframework.transaction.annotation.ProxyTransactionManagementConfiguration' of type [class org.springframework.transaction.annotation.ProxyTransactionManagementConfiguration$$EnhancerBySpringCGLIB$$a371f3fc] is not eligible for getting processed by all BeanPostProcessors (for example: not eligible for auto-proxying)
2023-08-21 04:59:10.216  INFO 13568 --- [main] trationDelegate$BeanPostProcessorChecker : Bean 'transactionAttributeSource' of type [class org.springframework.transaction.annotation.AnnotationTransactionAttributeSource] is not eligible for getting processed by all BeanPostProcessors (for example: not eligible for auto-proxying)
2023-08-21 04:59:10.233  INFO 13568 --- [main] trationDelegate$BeanPostProcessorChecker : Bean 'transactionInterceptor' of type [class org.springframework.transaction.interceptor.TransactionInterceptor] is not eligible for getting processed by all BeanPostProcessors (for example: not eligible for auto-proxying)
2023-08-21 04:59:10.242  INFO 13568 --- [main] trationDelegate$BeanPostProcessorChecker : Bean 'org.springframework.transaction.config.internalTransactionAdvisor' of type [class org.springframework.transaction.interceptor.BeanFactoryTransactionAttributeSourceAdvisor] is not eligible for getting processed by all BeanPostProcessors (for example: not eligible for auto-proxying)
2023-08-21 04:59:11.581  INFO 13568 --- [main] s.b.c.e.t.TomcatEmbeddedServletContainer : Tomcat initialized with port(s): 8081 (http)
2023-08-21 04:59:11.764  INFO 13568 --- [main] o.apache.catalina.core.StandardService   : Starting service Tomcat
2023-08-21 04:59:11.766  INFO 13568 --- [main] org.apache.catalina.core.StandardEngine  : Starting Servlet Engine: Apache Tomcat/8.0.23
2023-08-21 04:59:11.931  INFO 13568 --- [localhost-startStop-1] o.a.c.c.C.[Tomcat].[localhost].[/]       : Initializing Spring embedded WebApplicationContext
2023-08-21 04:59:11.931  INFO 13568 --- [localhost-startStop-1] o.s.web.context.ContextLoader            : Root WebApplicationContext: initialization completed in 4330 ms
2023-08-21 04:59:12.743  INFO 13568 --- [localhost-startStop-1] o.s.b.c.e.ServletRegistrationBean        : Mapping servlet: 'dispatcherServlet' to [/]
2023-08-21 04:59:12.748  INFO 13568 --- [localhost-startStop-1] o.s.b.c.embedded.FilterRegistrationBean  : Mapping filter: 'characterEncodingFilter' to: [/*]
2023-08-21 04:59:12.749  INFO 13568 --- [localhost-startStop-1] o.s.b.c.embedded.FilterRegistrationBean  : Mapping filter: 'hiddenHttpMethodFilter' to: [/*]
2023-08-21 04:59:13.171  INFO 13568 --- [main] j.LocalContainerEntityManagerFactoryBean : Building JPA container EntityManagerFactory for persistence unit 'default'
2023-08-21 04:59:13.179  INFO 13568 --- [main] o.hibernate.jpa.internal.util.LogHelper  : HHH000204: Processing PersistenceUnitInfo [
	name: default
	...]
2023-08-21 04:59:13.284  INFO 13568 --- [main] org.hibernate.Version                    : HHH000412: Hibernate Core {4.3.10.Final}
2023-08-21 04:59:13.286  INFO 13568 --- [main] org.hibernate.cfg.Environment            : HHH000206: hibernate.properties not found
2023-08-21 04:59:13.289  INFO 13568 --- [main] org.hibernate.cfg.Environment            : HHH000021: Bytecode provider name : javassist
2023-08-21 04:59:13.559  INFO 13568 --- [main] o.hibernate.annotations.common.Version   : HCANN000001: Hibernate Commons Annotations {4.0.5.Final}
2023-08-21 04:59:13.769  INFO 13568 --- [main] org.hibernate.dialect.Dialect            : HHH000400: Using dialect: org.hibernate.dialect.H2Dialect
2023-08-21 04:59:13.905  INFO 13568 --- [main] o.h.h.i.ast.ASTQueryTranslatorFactory    : HHH000397: Using ASTQueryTranslatorFactory
2023-08-21 04:59:14.179  INFO 13568 --- [main] org.hibernate.tool.hbm2ddl.SchemaExport  : HHH000227: Running hbm2ddl schema export
2023-08-21 04:59:14.193  INFO 13568 --- [main] org.hibernate.tool.hbm2ddl.SchemaExport  : HHH000230: Schema export complete
2023-08-21 04:59:14.794  INFO 13568 --- [main] s.w.s.m.m.a.RequestMappingHandlerAdapter : Looking for @ControllerAdvice: org.springframework.boot.context.embedded.AnnotationConfigEmbeddedWebApplicationContext@f6b9356f: startup date [Mon Aug 21 04:59:07 EAT 2023]; root of context hierarchy
2023-08-21 04:59:14.869  INFO 13568 --- [main] s.w.s.m.m.a.RequestMappingHandlerMapping : Mapped "{[/elevators],methods=[GET]}" onto public java.util.List<com.beemchallenge.caleb.business.Elevator> com.beemchallenge.caleb.controller.ElevatorController.findElevators()
2023-08-21 04:59:14.870  INFO 13568 --- [main] s.w.s.m.m.a.RequestMappingHandlerMapping : Mapped "{[/elevators/floorNo/{floorNo}/toFloorNo/{toFloorNo}/noOfPeople/{noOfPeople}],methods=[GET]}" onto public com.beemchallenge.caleb.business.Elevator com.beemchallenge.caleb.controller.ElevatorController.requestElevator(int,int,int)
2023-08-21 04:59:14.871  INFO 13568 --- [main] s.w.s.m.m.a.RequestMappingHandlerMapping : Mapped "{[/elevatormovements],methods=[GET]}" onto public java.util.List<com.beemchallenge.caleb.model.ElevatorMovement> com.beemchallenge.caleb.controller.ElevatorMovementController.findElevatorMovements()
2023-08-21 04:59:14.872  INFO 13568 --- [main] s.w.s.m.m.a.RequestMappingHandlerMapping : Mapped "{[/elevatormovements/{elevatorID}],methods=[GET]}" onto public java.util.List<com.beemchallenge.caleb.model.ElevatorMovement> com.beemchallenge.caleb.controller.ElevatorMovementController.findElevatorMovementsOfElevator(java.lang.String)
2023-08-21 04:59:14.873  INFO 13568 --- [main] s.w.s.m.m.a.RequestMappingHandlerMapping : Mapped "{[/error],produces=[text/html]}" onto public org.springframework.web.servlet.ModelAndView org.springframework.boot.autoconfigure.web.BasicErrorController.errorHtml(javax.servlet.http.HttpServletRequest)
2023-08-21 04:59:14.874  INFO 13568 --- [main] s.w.s.m.m.a.RequestMappingHandlerMapping : Mapped "{[/error]}" onto public org.springframework.http.ResponseEntity<java.util.Map<java.lang.String, java.lang.Object>> org.springframework.boot.autoconfigure.web.BasicErrorController.error(javax.servlet.http.HttpServletRequest)
2023-08-21 04:59:14.881  INFO 13568 --- [main] o.s.w.s.c.a.WebMvcConfigurerAdapter      : Adding welcome page: file:/C:/Users/25470/cybersource/BeemTechChallenge/target/classes/static/index.html
2023-08-21 04:59:14.895  INFO 13568 --- [main] o.s.w.s.handler.SimpleUrlHandlerMapping  : Root mapping to handler of type [class org.springframework.web.servlet.mvc.ParameterizableViewController]
2023-08-21 04:59:14.907  INFO 13568 --- [main] o.s.w.s.handler.SimpleUrlHandlerMapping  : Mapped URL path [/webjars/**] onto handler of type [class org.springframework.web.servlet.resource.ResourceHttpRequestHandler]
2023-08-21 04:59:14.907  INFO 13568 --- [main] o.s.w.s.handler.SimpleUrlHandlerMapping  : Mapped URL path [/**] onto handler of type [class org.springframework.web.servlet.resource.ResourceHttpRequestHandler]
2023-08-21 04:59:14.958  INFO 13568 --- [main] o.s.w.s.handler.SimpleUrlHandlerMapping  : Mapped URL path [/**/favicon.ico] onto handler of type [class org.springframework.web.servlet.resource.ResourceHttpRequestHandler]
2023-08-21 04:59:15.245  INFO 13568 --- [main] o.s.j.e.a.AnnotationMBeanExporter        : Registering beans for JMX exposure on startup
2023-08-21 04:59:15.323  INFO 13568 --- [main] s.b.c.e.t.TomcatEmbeddedServletContainer : Tomcat started on port(s): 8081 (http)
2023-08-21 04:59:15.326  INFO 13568 --- [main] com.beemchallenge.caleb.Application      : Started Application in 8.208 seconds (JVM running for 9.196)
2023-08-21 04:59:16.738  INFO 13568 --- [http-nio-8081-exec-1] o.a.c.c.C.[Tomcat].[localhost].[/]       : Initializing Spring FrameworkServlet 'dispatcherServlet'
2023-08-21 04:59:16.738  INFO 13568 --- [http-nio-8081-exec-1] o.s.web.servlet.DispatcherServlet        : FrameworkServlet 'dispatcherServlet': initialization started
2023-08-21 04:59:16.769  INFO 13568 --- [http-nio-8081-exec-1] o.s.web.servlet.DispatcherServlet        : FrameworkServlet 'dispatcherServlet': initialization completed in 31 ms
2023-08-21 05:05:09.729  INFO 13568 --- [Thread-1] ationConfigEmbeddedWebApplicationContext : Closing org.springframework.boot.context.embedded.AnnotationConfigEmbeddedWebApplicationContext@f6b9356f: startup date [Mon Aug 21 04:59:07 EAT 2023]; root of context hierarchy
2023-08-21 05:05:09.739  INFO 13568 --- [Thread-1] o.s.j.e.a.AnnotationMBeanExporter        : Unregistering JMX-exposed beans on shutdown
2023-08-21 05:05:09.747  INFO 13568 --- [Thread-1] j.LocalContainerEntityManagerFactoryBean : Closing JPA EntityManagerFactory for persistence unit 'default'
2023-08-21 05:05:09.748  INFO 13568 --- [Thread-1] org.hibernate.tool.hbm2ddl.SchemaExport  : HHH000227: Running hbm2ddl schema export
2023-08-21 05:05:09.792  INFO 13568 --- [Thread-1] org.hibernate.tool.hbm2ddl.SchemaExport  : HHH000230: Schema export complete
2023-08-21 05:05:14.714  INFO 9860 --- [main] com.beemchallenge.caleb.Application      : Starting Application on geek with PID 9860 (C:\Users\25470\cybersource\BeemTechChallenge\target\classes started by makau in C:\Users\25470\cybersource\BeemTechChallenge)
2023-08-21 05:05:14.770  INFO 9860 --- [main] ationConfigEmbeddedWebApplicationContext : Refreshing org.springframework.boot.context.embedded.AnnotationConfigEmbeddedWebApplicationContext@14bcc87a: startup date [Mon Aug 21 05:05:14 EAT 2023]; root of context hierarchy
2023-08-21 05:05:16.082  INFO 9860 --- [main] o.s.b.f.s.DefaultListableBeanFactory     : Overriding bean definition for bean 'beanNameViewResolver': replacing [Root bean: class [null]; scope=; abstract=false; lazyInit=false; autowireMode=3; dependencyCheck=0; autowireCandidate=true; primary=false; factoryBeanName=org.springframework.boot.autoconfigure.web.ErrorMvcAutoConfiguration$WhitelabelErrorViewConfiguration; factoryMethodName=beanNameViewResolver; initMethodName=null; destroyMethodName=(inferred); defined in class path resource [org/springframework/boot/autoconfigure/web/ErrorMvcAutoConfiguration$WhitelabelErrorViewConfiguration.class]] with [Root bean: class [null]; scope=; abstract=false; lazyInit=false; autowireMode=3; dependencyCheck=0; autowireCandidate=true; primary=false; factoryBeanName=org.springframework.boot.autoconfigure.web.WebMvcAutoConfiguration$WebMvcAutoConfigurationAdapter; factoryMethodName=beanNameViewResolver; initMethodName=null; destroyMethodName=(inferred); defined in class path resource [org/springframework/boot/autoconfigure/web/WebMvcAutoConfiguration$WebMvcAutoConfigurationAdapter.class]]
2023-08-21 05:05:17.201  INFO 9860 --- [main] trationDelegate$BeanPostProcessorChecker : Bean 'org.springframework.scheduling.annotation.ProxyAsyncConfiguration' of type [class org.springframework.scheduling.annotation.ProxyAsyncConfiguration$$EnhancerBySpringCGLIB$$a857aa7e] is not eligible for getting processed by all BeanPostProcessors (for example: not eligible for auto-proxying)
2023-08-21 05:05:17.433  INFO 9860 --- [main] trationDelegate$BeanPostProcessorChecker : Bean 'org.springframework.transaction.annotation.ProxyTransactionManagementConfiguration' of type [class org.springframework.transaction.annotation.ProxyTransactionManagementConfiguration$$EnhancerBySpringCGLIB$$9133323d] is not eligible for getting processed by all BeanPostProcessors (for example: not eligible for auto-proxying)
2023-08-21 05:05:17.468  INFO 9860 --- [main] trationDelegate$BeanPostProcessorChecker : Bean 'transactionAttributeSource' of type [class org.springframework.transaction.annotation.AnnotationTransactionAttributeSource] is not eligible for getting processed by all BeanPostProcessors (for example: not eligible for auto-proxying)
2023-08-21 05:05:17.482  INFO 9860 --- [main] trationDelegate$BeanPostProcessorChecker : Bean 'transactionInterceptor' of type [class org.springframework.transaction.interceptor.TransactionInterceptor] is not eligible for getting processed by all BeanPostProcessors (for example: not eligible for auto-proxying)
2023-08-21 05:05:17.492  INFO 9860 --- [main] trationDelegate$BeanPostProcessorChecker : Bean 'org.springframework.transaction.config.internalTransactionAdvisor' of type [class org.springframework.transaction.interceptor.BeanFactoryTransactionAttributeSourceAdvisor] is not eligible for getting processed by all BeanPostProcessors (for example: not eligible for auto-proxying)
2023-08-21 05:05:18.624  INFO 9860 --- [main] s.b.c.e.t.TomcatEmbeddedServletContainer : Tomcat initialized with port(s): 8081 (http)
2023-08-21 05:05:18.789  INFO 9860 --- [main] o.apache.catalina.core.StandardService   : Starting service Tomcat
2023-08-21 05:05:18.790  INFO 9860 --- [main] org.apache.catalina.core.StandardEngine  : Starting Servlet Engine: Apache Tomcat/8.0.23
2023-08-21 05:05:18.933  INFO 9860 --- [localhost-startStop-1] o.a.c.c.C.[Tomcat].[localhost].[/]       : Initializing Spring embedded WebApplicationContext
2023-08-21 05:05:18.933  INFO 9860 --- [localhost-startStop-1] o.s.web.context.ContextLoader            : Root WebApplicationContext: initialization completed in 4163 ms
2023-08-21 05:05:19.715  INFO 9860 --- [localhost-startStop-1] o.s.b.c.e.ServletRegistrationBean        : Mapping servlet: 'dispatcherServlet' to [/]
2023-08-21 05:05:19.721  INFO 9860 --- [localhost-startStop-1] o.s.b.c.embedded.FilterRegistrationBean  : Mapping filter: 'characterEncodingFilter' to: [/*]
2023-08-21 05:05:19.722  INFO 9860 --- [localhost-startStop-1] o.s.b.c.embedded.FilterRegistrationBean  : Mapping filter: 'hiddenHttpMethodFilter' to: [/*]
2023-08-21 05:05:20.135  INFO 9860 --- [main] j.LocalContainerEntityManagerFactoryBean : Building JPA container EntityManagerFactory for persistence unit 'default'
2023-08-21 05:05:20.145  INFO 9860 --- [main] o.hibernate.jpa.internal.util.LogHelper  : HHH000204: Processing PersistenceUnitInfo [
	name: default
	...]
2023-08-21 05:05:20.257  INFO 9860 --- [main] org.hibernate.Version                    : HHH000412: Hibernate Core {4.3.10.Final}
2023-08-21 05:05:20.259  INFO 9860 --- [main] org.hibernate.cfg.Environment            : HHH000206: hibernate.properties not found
2023-08-21 05:05:20.261  INFO 9860 --- [main] org.hibernate.cfg.Environment            : HHH000021: Bytecode provider name : javassist
2023-08-21 05:05:20.513  INFO 9860 --- [main] o.hibernate.annotations.common.Version   : HCANN000001: Hibernate Commons Annotations {4.0.5.Final}
2023-08-21 05:05:20.712  INFO 9860 --- [main] org.hibernate.dialect.Dialect            : HHH000400: Using dialect: org.hibernate.dialect.H2Dialect
2023-08-21 05:05:20.914  INFO 9860 --- [main] o.h.h.i.ast.ASTQueryTranslatorFactory    : HHH000397: Using ASTQueryTranslatorFactory
2023-08-21 05:05:21.259  INFO 9860 --- [main] org.hibernate.tool.hbm2ddl.SchemaExport  : HHH000227: Running hbm2ddl schema export
2023-08-21 05:05:21.273  INFO 9860 --- [main] org.hibernate.tool.hbm2ddl.SchemaExport  : HHH000230: Schema export complete
2023-08-21 05:05:21.905  INFO 9860 --- [main] s.w.s.m.m.a.RequestMappingHandlerAdapter : Looking for @ControllerAdvice: org.springframework.boot.context.embedded.AnnotationConfigEmbeddedWebApplicationContext@14bcc87a: startup date [Mon Aug 21 05:05:14 EAT 2023]; root of context hierarchy
2023-08-21 05:05:21.979  INFO 9860 --- [main] s.w.s.m.m.a.RequestMappingHandlerMapping : Mapped "{[/elevators],methods=[GET]}" onto public java.util.List<com.beemchallenge.caleb.business.Elevator> com.beemchallenge.caleb.controller.ElevatorController.findElevators()
2023-08-21 05:05:21.980  INFO 9860 --- [main] s.w.s.m.m.a.RequestMappingHandlerMapping : Mapped "{[/elevators/floorNo/{floorNo}/toFloorNo/{toFloorNo}/noOfPeople/{noOfPeople}],methods=[GET]}" onto public com.beemchallenge.caleb.business.Elevator com.beemchallenge.caleb.controller.ElevatorController.requestElevator(int,int,int)
2023-08-21 05:05:21.982  INFO 9860 --- [main] s.w.s.m.m.a.RequestMappingHandlerMapping : Mapped "{[/elevatormovements],methods=[GET]}" onto public java.util.List<com.beemchallenge.caleb.model.ElevatorMovement> com.beemchallenge.caleb.controller.ElevatorMovementController.findElevatorMovements()
2023-08-21 05:05:21.982  INFO 9860 --- [main] s.w.s.m.m.a.RequestMappingHandlerMapping : Mapped "{[/elevatormovements/{elevatorID}],methods=[GET]}" onto public java.util.List<com.beemchallenge.caleb.model.ElevatorMovement> com.beemchallenge.caleb.controller.ElevatorMovementController.findElevatorMovementsOfElevator(java.lang.String)
2023-08-21 05:05:21.983  INFO 9860 --- [main] s.w.s.m.m.a.RequestMappingHandlerMapping : Mapped "{[/error],produces=[text/html]}" onto public org.springframework.web.servlet.ModelAndView org.springframework.boot.autoconfigure.web.BasicErrorController.errorHtml(javax.servlet.http.HttpServletRequest)
2023-08-21 05:05:21.984  INFO 9860 --- [main] s.w.s.m.m.a.RequestMappingHandlerMapping : Mapped "{[/error]}" onto public org.springframework.http.ResponseEntity<java.util.Map<java.lang.String, java.lang.Object>> org.springframework.boot.autoconfigure.web.BasicErrorController.error(javax.servlet.http.HttpServletRequest)
2023-08-21 05:05:21.988  INFO 9860 --- [main] o.s.w.s.c.a.WebMvcConfigurerAdapter      : Adding welcome page: file:/C:/Users/25470/cybersource/BeemTechChallenge/target/classes/static/index.html
2023-08-21 05:05:22.006  INFO 9860 --- [main] o.s.w.s.handler.SimpleUrlHandlerMapping  : Root mapping to handler of type [class org.springframework.web.servlet.mvc.ParameterizableViewController]
2023-08-21 05:05:22.018  INFO 9860 --- [main] o.s.w.s.handler.SimpleUrlHandlerMapping  : Mapped URL path [/webjars/**] onto handler of type [class org.springframework.web.servlet.resource.ResourceHttpRequestHandler]
2023-08-21 05:05:22.018  INFO 9860 --- [main] o.s.w.s.handler.SimpleUrlHandlerMapping  : Mapped URL path [/**] onto handler of type [class org.springframework.web.servlet.resource.ResourceHttpRequestHandler]
2023-08-21 05:05:22.067  INFO 9860 --- [main] o.s.w.s.handler.SimpleUrlHandlerMapping  : Mapped URL path [/**/favicon.ico] onto handler of type [class org.springframework.web.servlet.resource.ResourceHttpRequestHandler]
2023-08-21 05:05:22.343  INFO 9860 --- [main] o.s.j.e.a.AnnotationMBeanExporter        : Registering beans for JMX exposure on startup
2023-08-21 05:05:22.428  INFO 9860 --- [main] s.b.c.e.t.TomcatEmbeddedServletContainer : Tomcat started on port(s): 8081 (http)
2023-08-21 05:05:22.431  INFO 9860 --- [main] com.beemchallenge.caleb.Application      : Started Application in 8.108 seconds (JVM running for 8.886)
2023-08-21 05:05:36.998  INFO 9860 --- [http-nio-8081-exec-1] o.a.c.c.C.[Tomcat].[localhost].[/]       : Initializing Spring FrameworkServlet 'dispatcherServlet'
2023-08-21 05:05:36.999  INFO 9860 --- [http-nio-8081-exec-1] o.s.web.servlet.DispatcherServlet        : FrameworkServlet 'dispatcherServlet': initialization started
2023-08-21 05:05:37.069  INFO 9860 --- [http-nio-8081-exec-1] o.s.web.servlet.DispatcherServlet        : FrameworkServlet 'dispatcherServlet': initialization completed in 69 ms
2023-08-21 05:05:52.475  INFO 9860 --- [http-nio-8081-exec-4] c.b.caleb.controller.ElevatorController  : Request elevator for floorNo:4, toFloorNo:2, noOfPeople:2
2023-08-21 05:05:52.478  INFO 9860 --- [http-nio-8081-exec-4] c.b.caleb.controller.ElevatorController  : Scheduled elevator A
2023-08-21 05:06:31.156  INFO 9860 --- [Thread-1] ationConfigEmbeddedWebApplicationContext : Closing org.springframework.boot.context.embedded.AnnotationConfigEmbeddedWebApplicationContext@14bcc87a: startup date [Mon Aug 21 05:05:14 EAT 2023]; root of context hierarchy
2023-08-21 05:06:31.163  INFO 9860 --- [Thread-1] o.s.j.e.a.AnnotationMBeanExporter        : Unregistering JMX-exposed beans on shutdown
2023-08-21 05:06:31.183  INFO 9860 --- [Thread-1] j.LocalContainerEntityManagerFactoryBean : Closing JPA EntityManagerFactory for persistence unit 'default'
2023-08-21 05:06:31.190  INFO 9860 --- [Thread-1] org.hibernate.tool.hbm2ddl.SchemaExport  : HHH000227: Running hbm2ddl schema export
2023-08-21 05:06:31.209  INFO 9860 --- [Thread-1] org.hibernate.tool.hbm2ddl.SchemaExport  : HHH000230: Schema export complete
2023-08-21 05:06:39.718  INFO 11184 --- [main] com.beemchallenge.caleb.Application      : Starting Application on geek with PID 11184 (C:\Users\25470\cybersource\BeemTechChallenge\target\classes started by makau in C:\Users\25470\cybersource\BeemTechChallenge)
2023-08-21 05:06:39.788  INFO 11184 --- [main] ationConfigEmbeddedWebApplicationContext : Refreshing org.springframework.boot.context.embedded.AnnotationConfigEmbeddedWebApplicationContext@5af3dedf: startup date [Mon Aug 21 05:06:39 EAT 2023]; root of context hierarchy
2023-08-21 05:06:41.333  INFO 11184 --- [main] o.s.b.f.s.DefaultListableBeanFactory     : Overriding bean definition for bean 'beanNameViewResolver': replacing [Root bean: class [null]; scope=; abstract=false; lazyInit=false; autowireMode=3; dependencyCheck=0; autowireCandidate=true; primary=false; factoryBeanName=org.springframework.boot.autoconfigure.web.ErrorMvcAutoConfiguration$WhitelabelErrorViewConfiguration; factoryMethodName=beanNameViewResolver; initMethodName=null; destroyMethodName=(inferred); defined in class path resource [org/springframework/boot/autoconfigure/web/ErrorMvcAutoConfiguration$WhitelabelErrorViewConfiguration.class]] with [Root bean: class [null]; scope=; abstract=false; lazyInit=false; autowireMode=3; dependencyCheck=0; autowireCandidate=true; primary=false; factoryBeanName=org.springframework.boot.autoconfigure.web.WebMvcAutoConfiguration$WebMvcAutoConfigurationAdapter; factoryMethodName=beanNameViewResolver; initMethodName=null; destroyMethodName=(inferred); defined in class path resource [org/springframework/boot/autoconfigure/web/WebMvcAutoConfiguration$WebMvcAutoConfigurationAdapter.class]]
2023-08-21 05:06:42.738  INFO 11184 --- [main] trationDelegate$BeanPostProcessorChecker : Bean 'org.springframework.scheduling.annotation.ProxyAsyncConfiguration' of type [class org.springframework.scheduling.annotation.ProxyAsyncConfiguration$$EnhancerBySpringCGLIB$$f622b5e7] is not eligible for getting processed by all BeanPostProcessors (for example: not eligible for auto-proxying)
2023-08-21 05:06:42.989  INFO 11184 --- [main] trationDelegate$BeanPostProcessorChecker : Bean 'org.springframework.transaction.annotation.ProxyTransactionManagementConfiguration' of type [class org.springframework.transaction.annotation.ProxyTransactionManagementConfiguration$$EnhancerBySpringCGLIB$$defe3da6] is not eligible for getting processed by all BeanPostProcessors (for example: not eligible for auto-proxying)
2023-08-21 05:06:43.031  INFO 11184 --- [main] trationDelegate$BeanPostProcessorChecker : Bean 'transactionAttributeSource' of type [class org.springframework.transaction.annotation.AnnotationTransactionAttributeSource] is not eligible for getting processed by all BeanPostProcessors (for example: not eligible for auto-proxying)
2023-08-21 05:06:43.050  INFO 11184 --- [main] trationDelegate$BeanPostProcessorChecker : Bean 'transactionInterceptor' of type [class org.springframework.transaction.interceptor.TransactionInterceptor] is not eligible for getting processed by all BeanPostProcessors (for example: not eligible for auto-proxying)
2023-08-21 05:06:43.063  INFO 11184 --- [main] trationDelegate$BeanPostProcessorChecker : Bean 'org.springframework.transaction.config.internalTransactionAdvisor' of type [class org.springframework.transaction.interceptor.BeanFactoryTransactionAttributeSourceAdvisor] is not eligible for getting processed by all BeanPostProcessors (for example: not eligible for auto-proxying)
2023-08-21 05:06:44.709  INFO 11184 --- [main] s.b.c.e.t.TomcatEmbeddedServletContainer : Tomcat initialized with port(s): 8081 (http)
2023-08-21 05:06:44.925  INFO 11184 --- [main] o.apache.catalina.core.StandardService   : Starting service Tomcat
2023-08-21 05:06:44.927  INFO 11184 --- [main] org.apache.catalina.core.StandardEngine  : Starting Servlet Engine: Apache Tomcat/8.0.23
2023-08-21 05:06:45.106  INFO 11184 --- [localhost-startStop-1] o.a.c.c.C.[Tomcat].[localhost].[/]       : Initializing Spring embedded WebApplicationContext
2023-08-21 05:06:45.106  INFO 11184 --- [localhost-startStop-1] o.s.web.context.ContextLoader            : Root WebApplicationContext: initialization completed in 5318 ms
2023-08-21 05:06:46.075  INFO 11184 --- [localhost-startStop-1] o.s.b.c.e.ServletRegistrationBean        : Mapping servlet: 'dispatcherServlet' to [/]
2023-08-21 05:06:46.085  INFO 11184 --- [localhost-startStop-1] o.s.b.c.embedded.FilterRegistrationBean  : Mapping filter: 'characterEncodingFilter' to: [/*]
2023-08-21 05:06:46.085  INFO 11184 --- [localhost-startStop-1] o.s.b.c.embedded.FilterRegistrationBean  : Mapping filter: 'hiddenHttpMethodFilter' to: [/*]
2023-08-21 05:06:46.568  INFO 11184 --- [main] j.LocalContainerEntityManagerFactoryBean : Building JPA container EntityManagerFactory for persistence unit 'default'
2023-08-21 05:06:46.577  INFO 11184 --- [main] o.hibernate.jpa.internal.util.LogHelper  : HHH000204: Processing PersistenceUnitInfo [
	name: default
	...]
2023-08-21 05:06:46.694  INFO 11184 --- [main] org.hibernate.Version                    : HHH000412: Hibernate Core {4.3.10.Final}
2023-08-21 05:06:46.697  INFO 11184 --- [main] org.hibernate.cfg.Environment            : HHH000206: hibernate.properties not found
2023-08-21 05:06:46.699  INFO 11184 --- [main] org.hibernate.cfg.Environment            : HHH000021: Bytecode provider name : javassist
2023-08-21 05:06:47.000  INFO 11184 --- [main] o.hibernate.annotations.common.Version   : HCANN000001: Hibernate Commons Annotations {4.0.5.Final}
2023-08-21 05:06:47.363  INFO 11184 --- [main] org.hibernate.dialect.Dialect            : HHH000400: Using dialect: org.hibernate.dialect.H2Dialect
2023-08-21 05:06:47.621  INFO 11184 --- [main] o.h.h.i.ast.ASTQueryTranslatorFactory    : HHH000397: Using ASTQueryTranslatorFactory
2023-08-21 05:06:48.030  INFO 11184 --- [main] org.hibernate.tool.hbm2ddl.SchemaExport  : HHH000227: Running hbm2ddl schema export
2023-08-21 05:06:48.049  INFO 11184 --- [main] org.hibernate.tool.hbm2ddl.SchemaExport  : HHH000230: Schema export complete
2023-08-21 05:06:49.226  INFO 11184 --- [main] s.w.s.m.m.a.RequestMappingHandlerAdapter : Looking for @ControllerAdvice: org.springframework.boot.context.embedded.AnnotationConfigEmbeddedWebApplicationContext@5af3dedf: startup date [Mon Aug 21 05:06:39 EAT 2023]; root of context hierarchy
2023-08-21 05:06:49.346  INFO 11184 --- [main] s.w.s.m.m.a.RequestMappingHandlerMapping : Mapped "{[/elevators],methods=[GET]}" onto public java.util.List<com.beemchallenge.caleb.business.Elevator> com.beemchallenge.caleb.controller.ElevatorController.findElevators()
2023-08-21 05:06:49.347  INFO 11184 --- [main] s.w.s.m.m.a.RequestMappingHandlerMapping : Mapped "{[/elevators/floorNo/{floorNo}/toFloorNo/{toFloorNo}/noOfPeople/{noOfPeople}],methods=[GET]}" onto public com.beemchallenge.caleb.business.Elevator com.beemchallenge.caleb.controller.ElevatorController.requestElevator(int,int,int)
2023-08-21 05:06:49.349  INFO 11184 --- [main] s.w.s.m.m.a.RequestMappingHandlerMapping : Mapped "{[/elevatormovements],methods=[GET]}" onto public java.util.List<com.beemchallenge.caleb.model.ElevatorMovement> com.beemchallenge.caleb.controller.ElevatorMovementController.findElevatorMovements()
2023-08-21 05:06:49.350  INFO 11184 --- [main] s.w.s.m.m.a.RequestMappingHandlerMapping : Mapped "{[/elevatormovements/{elevatorID}],methods=[GET]}" onto public java.util.List<com.beemchallenge.caleb.model.ElevatorMovement> com.beemchallenge.caleb.controller.ElevatorMovementController.findElevatorMovementsOfElevator(java.lang.String)
2023-08-21 05:06:49.352  INFO 11184 --- [main] s.w.s.m.m.a.RequestMappingHandlerMapping : Mapped "{[/error],produces=[text/html]}" onto public org.springframework.web.servlet.ModelAndView org.springframework.boot.autoconfigure.web.BasicErrorController.errorHtml(javax.servlet.http.HttpServletRequest)
2023-08-21 05:06:49.353  INFO 11184 --- [main] s.w.s.m.m.a.RequestMappingHandlerMapping : Mapped "{[/error]}" onto public org.springframework.http.ResponseEntity<java.util.Map<java.lang.String, java.lang.Object>> org.springframework.boot.autoconfigure.web.BasicErrorController.error(javax.servlet.http.HttpServletRequest)
2023-08-21 05:06:49.362  INFO 11184 --- [main] o.s.w.s.c.a.WebMvcConfigurerAdapter      : Adding welcome page: file:/C:/Users/25470/cybersource/BeemTechChallenge/target/classes/static/index.html
2023-08-21 05:06:49.384  INFO 11184 --- [main] o.s.w.s.handler.SimpleUrlHandlerMapping  : Root mapping to handler of type [class org.springframework.web.servlet.mvc.ParameterizableViewController]
2023-08-21 05:06:49.426  INFO 11184 --- [main] o.s.w.s.handler.SimpleUrlHandlerMapping  : Mapped URL path [/webjars/**] onto handler of type [class org.springframework.web.servlet.resource.ResourceHttpRequestHandler]
2023-08-21 05:06:49.426  INFO 11184 --- [main] o.s.w.s.handler.SimpleUrlHandlerMapping  : Mapped URL path [/**] onto handler of type [class org.springframework.web.servlet.resource.ResourceHttpRequestHandler]
2023-08-21 05:06:49.578  INFO 11184 --- [main] o.s.w.s.handler.SimpleUrlHandlerMapping  : Mapped URL path [/**/favicon.ico] onto handler of type [class org.springframework.web.servlet.resource.ResourceHttpRequestHandler]
2023-08-21 05:06:49.850  INFO 11184 --- [main] o.s.j.e.a.AnnotationMBeanExporter        : Registering beans for JMX exposure on startup
2023-08-21 05:06:49.922  INFO 11184 --- [main] s.b.c.e.t.TomcatEmbeddedServletContainer : Tomcat started on port(s): 8081 (http)
2023-08-21 05:06:49.925  INFO 11184 --- [main] com.beemchallenge.caleb.Application      : Started Application in 10.632 seconds (JVM running for 11.701)
2023-08-21 05:06:50.401  INFO 11184 --- [http-nio-8081-exec-1] o.a.c.c.C.[Tomcat].[localhost].[/]       : Initializing Spring FrameworkServlet 'dispatcherServlet'
2023-08-21 05:06:50.401  INFO 11184 --- [http-nio-8081-exec-1] o.s.web.servlet.DispatcherServlet        : FrameworkServlet 'dispatcherServlet': initialization started
2023-08-21 05:06:50.448  INFO 11184 --- [http-nio-8081-exec-1] o.s.web.servlet.DispatcherServlet        : FrameworkServlet 'dispatcherServlet': initialization completed in 46 ms
2023-08-21 05:08:04.053  INFO 11184 --- [http-nio-8081-exec-9] c.b.caleb.controller.ElevatorController  : Request elevator for floorNo:10, toFloorNo:6, noOfPeople:1
2023-08-21 05:08:04.056  INFO 11184 --- [http-nio-8081-exec-9] c.b.caleb.controller.ElevatorController  : Scheduled elevator A
2023-08-21 05:09:21.623  INFO 11184 --- [Thread-1] ationConfigEmbeddedWebApplicationContext : Closing org.springframework.boot.context.embedded.AnnotationConfigEmbeddedWebApplicationContext@5af3dedf: startup date [Mon Aug 21 05:06:39 EAT 2023]; root of context hierarchy
2023-08-21 05:09:21.630  INFO 11184 --- [Thread-1] o.s.j.e.a.AnnotationMBeanExporter        : Unregistering JMX-exposed beans on shutdown
2023-08-21 05:09:21.637  INFO 11184 --- [Thread-1] j.LocalContainerEntityManagerFactoryBean : Closing JPA EntityManagerFactory for persistence unit 'default'
2023-08-21 05:09:21.638  INFO 11184 --- [Thread-1] org.hibernate.tool.hbm2ddl.SchemaExport  : HHH000227: Running hbm2ddl schema export
2023-08-21 05:09:21.644  INFO 11184 --- [Thread-1] org.hibernate.tool.hbm2ddl.SchemaExport  : HHH000230: Schema export complete
2023-08-21 05:09:27.214  INFO 11452 --- [main] com.beemchallenge.caleb.Application      : Starting Application on geek with PID 11452 (C:\Users\25470\cybersource\BeemTechChallenge\target\classes started by makau in C:\Users\25470\cybersource\BeemTechChallenge)
2023-08-21 05:09:27.266  INFO 11452 --- [main] ationConfigEmbeddedWebApplicationContext : Refreshing org.springframework.boot.context.embedded.AnnotationConfigEmbeddedWebApplicationContext@cf11d1e4: startup date [Mon Aug 21 05:09:27 EAT 2023]; root of context hierarchy
2023-08-21 05:09:28.600  INFO 11452 --- [main] o.s.b.f.s.DefaultListableBeanFactory     : Overriding bean definition for bean 'beanNameViewResolver': replacing [Root bean: class [null]; scope=; abstract=false; lazyInit=false; autowireMode=3; dependencyCheck=0; autowireCandidate=true; primary=false; factoryBeanName=org.springframework.boot.autoconfigure.web.ErrorMvcAutoConfiguration$WhitelabelErrorViewConfiguration; factoryMethodName=beanNameViewResolver; initMethodName=null; destroyMethodName=(inferred); defined in class path resource [org/springframework/boot/autoconfigure/web/ErrorMvcAutoConfiguration$WhitelabelErrorViewConfiguration.class]] with [Root bean: class [null]; scope=; abstract=false; lazyInit=false; autowireMode=3; dependencyCheck=0; autowireCandidate=true; primary=false; factoryBeanName=org.springframework.boot.autoconfigure.web.WebMvcAutoConfiguration$WebMvcAutoConfigurationAdapter; factoryMethodName=beanNameViewResolver; initMethodName=null; destroyMethodName=(inferred); defined in class path resource [org/springframework/boot/autoconfigure/web/WebMvcAutoConfiguration$WebMvcAutoConfigurationAdapter.class]]
2023-08-21 05:09:29.714  INFO 11452 --- [main] trationDelegate$BeanPostProcessorChecker : Bean 'org.springframework.scheduling.annotation.ProxyAsyncConfiguration' of type [class org.springframework.scheduling.annotation.ProxyAsyncConfiguration$$EnhancerBySpringCGLIB$$5daf0389] is not eligible for getting processed by all BeanPostProcessors (for example: not eligible for auto-proxying)
2023-08-21 05:09:29.915  INFO 11452 --- [main] trationDelegate$BeanPostProcessorChecker : Bean 'org.springframework.transaction.annotation.ProxyTransactionManagementConfiguration' of type [class org.springframework.transaction.annotation.ProxyTransactionManagementConfiguration$$EnhancerBySpringCGLIB$$468a8b48] is not eligible for getting processed by all BeanPostProcessors (for example: not eligible for auto-proxying)
2023-08-21 05:09:29.953  INFO 11452 --- [main] trationDelegate$BeanPostProcessorChecker : Bean 'transactionAttributeSource' of type [class org.springframework.transaction.annotation.AnnotationTransactionAttributeSource] is not eligible for getting processed by all BeanPostProcessors (for example: not eligible for auto-proxying)
2023-08-21 05:09:29.971  INFO 11452 --- [main] trationDelegate$BeanPostProcessorChecker : Bean 'transactionInterceptor' of type [class org.springframework.transaction.interceptor.TransactionInterceptor] is not eligible for getting processed by all BeanPostProcessors (for example: not eligible for auto-proxying)
2023-08-21 05:09:29.985  INFO 11452 --- [main] trationDelegate$BeanPostProcessorChecker : Bean 'org.springframework.transaction.config.internalTransactionAdvisor' of type [class org.springframework.transaction.interceptor.BeanFactoryTransactionAttributeSourceAdvisor] is not eligible for getting processed by all BeanPostProcessors (for example: not eligible for auto-proxying)
2023-08-21 05:09:31.159  INFO 11452 --- [main] s.b.c.e.t.TomcatEmbeddedServletContainer : Tomcat initialized with port(s): 8081 (http)
2023-08-21 05:09:31.321  INFO 11452 --- [main] o.apache.catalina.core.StandardService   : Starting service Tomcat
2023-08-21 05:09:31.323  INFO 11452 --- [main] org.apache.catalina.core.StandardEngine  : Starting Servlet Engine: Apache Tomcat/8.0.23
2023-08-21 05:09:31.467  INFO 11452 --- [localhost-startStop-1] o.a.c.c.C.[Tomcat].[localhost].[/]       : Initializing Spring embedded WebApplicationContext
2023-08-21 05:09:31.467  INFO 11452 --- [localhost-startStop-1] o.s.web.context.ContextLoader            : Root WebApplicationContext: initialization completed in 4201 ms
2023-08-21 05:09:32.286  INFO 11452 --- [localhost-startStop-1] o.s.b.c.e.ServletRegistrationBean        : Mapping servlet: 'dispatcherServlet' to [/]
2023-08-21 05:09:32.291  INFO 11452 --- [localhost-startStop-1] o.s.b.c.embedded.FilterRegistrationBean  : Mapping filter: 'characterEncodingFilter' to: [/*]
2023-08-21 05:09:32.291  INFO 11452 --- [localhost-startStop-1] o.s.b.c.embedded.FilterRegistrationBean  : Mapping filter: 'hiddenHttpMethodFilter' to: [/*]
2023-08-21 05:09:32.718  INFO 11452 --- [main] j.LocalContainerEntityManagerFactoryBean : Building JPA container EntityManagerFactory for persistence unit 'default'
2023-08-21 05:09:32.726  INFO 11452 --- [main] o.hibernate.jpa.internal.util.LogHelper  : HHH000204: Processing PersistenceUnitInfo [
	name: default
	...]
2023-08-21 05:09:32.822  INFO 11452 --- [main] org.hibernate.Version                    : HHH000412: Hibernate Core {4.3.10.Final}
2023-08-21 05:09:32.824  INFO 11452 --- [main] org.hibernate.cfg.Environment            : HHH000206: hibernate.properties not found
2023-08-21 05:09:32.826  INFO 11452 --- [main] org.hibernate.cfg.Environment            : HHH000021: Bytecode provider name : javassist
2023-08-21 05:09:33.124  INFO 11452 --- [main] o.hibernate.annotations.common.Version   : HCANN000001: Hibernate Commons Annotations {4.0.5.Final}
2023-08-21 05:09:33.339  INFO 11452 --- [main] org.hibernate.dialect.Dialect            : HHH000400: Using dialect: org.hibernate.dialect.H2Dialect
2023-08-21 05:09:33.506  INFO 11452 --- [main] o.h.h.i.ast.ASTQueryTranslatorFactory    : HHH000397: Using ASTQueryTranslatorFactory
2023-08-21 05:09:33.792  INFO 11452 --- [main] org.hibernate.tool.hbm2ddl.SchemaExport  : HHH000227: Running hbm2ddl schema export
2023-08-21 05:09:33.811  INFO 11452 --- [main] org.hibernate.tool.hbm2ddl.SchemaExport  : HHH000230: Schema export complete
2023-08-21 05:09:34.490  INFO 11452 --- [main] s.w.s.m.m.a.RequestMappingHandlerAdapter : Looking for @ControllerAdvice: org.springframework.boot.context.embedded.AnnotationConfigEmbeddedWebApplicationContext@cf11d1e4: startup date [Mon Aug 21 05:09:27 EAT 2023]; root of context hierarchy
2023-08-21 05:09:34.561  INFO 11452 --- [main] s.w.s.m.m.a.RequestMappingHandlerMapping : Mapped "{[/elevators],methods=[GET]}" onto public java.util.List<com.beemchallenge.caleb.business.Elevator> com.beemchallenge.caleb.controller.ElevatorController.findElevators()
2023-08-21 05:09:34.563  INFO 11452 --- [main] s.w.s.m.m.a.RequestMappingHandlerMapping : Mapped "{[/elevators/floorNo/{floorNo}/toFloorNo/{toFloorNo}/noOfPeople/{noOfPeople}],methods=[GET]}" onto public com.beemchallenge.caleb.business.Elevator com.beemchallenge.caleb.controller.ElevatorController.requestElevator(int,int,int)
2023-08-21 05:09:34.564  INFO 11452 --- [main] s.w.s.m.m.a.RequestMappingHandlerMapping : Mapped "{[/elevatormovements],methods=[GET]}" onto public java.util.List<com.beemchallenge.caleb.model.ElevatorMovement> com.beemchallenge.caleb.controller.ElevatorMovementController.findElevatorMovements()
2023-08-21 05:09:34.564  INFO 11452 --- [main] s.w.s.m.m.a.RequestMappingHandlerMapping : Mapped "{[/elevatormovements/{elevatorID}],methods=[GET]}" onto public java.util.List<com.beemchallenge.caleb.model.ElevatorMovement> com.beemchallenge.caleb.controller.ElevatorMovementController.findElevatorMovementsOfElevator(java.lang.String)
2023-08-21 05:09:34.566  INFO 11452 --- [main] s.w.s.m.m.a.RequestMappingHandlerMapping : Mapped "{[/error],produces=[text/html]}" onto public org.springframework.web.servlet.ModelAndView org.springframework.boot.autoconfigure.web.BasicErrorController.errorHtml(javax.servlet.http.HttpServletRequest)
2023-08-21 05:09:34.567  INFO 11452 --- [main] s.w.s.m.m.a.RequestMappingHandlerMapping : Mapped "{[/error]}" onto public org.springframework.http.ResponseEntity<java.util.Map<java.lang.String, java.lang.Object>> org.springframework.boot.autoconfigure.web.BasicErrorController.error(javax.servlet.http.HttpServletRequest)
2023-08-21 05:09:34.572  INFO 11452 --- [main] o.s.w.s.c.a.WebMvcConfigurerAdapter      : Adding welcome page: file:/C:/Users/25470/cybersource/BeemTechChallenge/target/classes/static/index.html
2023-08-21 05:09:34.586  INFO 11452 --- [main] o.s.w.s.handler.SimpleUrlHandlerMapping  : Root mapping to handler of type [class org.springframework.web.servlet.mvc.ParameterizableViewController]
2023-08-21 05:09:34.598  INFO 11452 --- [main] o.s.w.s.handler.SimpleUrlHandlerMapping  : Mapped URL path [/webjars/**] onto handler of type [class org.springframework.web.servlet.resource.ResourceHttpRequestHandler]
2023-08-21 05:09:34.598  INFO 11452 --- [main] o.s.w.s.handler.SimpleUrlHandlerMapping  : Mapped URL path [/**] onto handler of type [class org.springframework.web.servlet.resource.ResourceHttpRequestHandler]
2023-08-21 05:09:34.647  INFO 11452 --- [main] o.s.w.s.handler.SimpleUrlHandlerMapping  : Mapped URL path [/**/favicon.ico] onto handler of type [class org.springframework.web.servlet.resource.ResourceHttpRequestHandler]
2023-08-21 05:09:34.914  INFO 11452 --- [main] o.s.j.e.a.AnnotationMBeanExporter        : Registering beans for JMX exposure on startup
2023-08-21 05:09:34.999  INFO 11452 --- [main] s.b.c.e.t.TomcatEmbeddedServletContainer : Tomcat started on port(s): 8081 (http)
2023-08-21 05:09:35.002  INFO 11452 --- [main] com.beemchallenge.caleb.Application      : Started Application in 8.105 seconds (JVM running for 8.922)
2023-08-21 05:09:49.565  INFO 11452 --- [http-nio-8081-exec-1] o.a.c.c.C.[Tomcat].[localhost].[/]       : Initializing Spring FrameworkServlet 'dispatcherServlet'
2023-08-21 05:09:49.570  INFO 11452 --- [http-nio-8081-exec-1] o.s.web.servlet.DispatcherServlet        : FrameworkServlet 'dispatcherServlet': initialization started
2023-08-21 05:09:49.901  INFO 11452 --- [http-nio-8081-exec-1] o.s.web.servlet.DispatcherServlet        : FrameworkServlet 'dispatcherServlet': initialization completed in 330 ms
2023-08-21 05:10:02.594  INFO 11452 --- [http-nio-8081-exec-8] c.b.caleb.controller.ElevatorController  : Request elevator for floorNo:3, toFloorNo:6, noOfPeople:1
2023-08-21 05:10:02.600  INFO 11452 --- [http-nio-8081-exec-8] c.b.caleb.controller.ElevatorController  : Scheduled elevator A
2023-08-21 05:12:26.978  INFO 11452 --- [Thread-1] ationConfigEmbeddedWebApplicationContext : Closing org.springframework.boot.context.embedded.AnnotationConfigEmbeddedWebApplicationContext@cf11d1e4: startup date [Mon Aug 21 05:09:27 EAT 2023]; root of context hierarchy
2023-08-21 05:12:26.984  INFO 11452 --- [Thread-1] o.s.j.e.a.AnnotationMBeanExporter        : Unregistering JMX-exposed beans on shutdown
2023-08-21 05:12:26.990  INFO 11452 --- [Thread-1] j.LocalContainerEntityManagerFactoryBean : Closing JPA EntityManagerFactory for persistence unit 'default'
2023-08-21 05:12:26.992  INFO 11452 --- [Thread-1] org.hibernate.tool.hbm2ddl.SchemaExport  : HHH000227: Running hbm2ddl schema export
2023-08-21 05:12:27.039  INFO 11452 --- [Thread-1] org.hibernate.tool.hbm2ddl.SchemaExport  : HHH000230: Schema export complete
2023-08-21 05:12:31.449  INFO 14624 --- [main] com.beemchallenge.caleb.Application      : Starting Application on geek with PID 14624 (C:\Users\25470\cybersource\BeemTechChallenge\target\classes started by makau in C:\Users\25470\cybersource\BeemTechChallenge)
2023-08-21 05:12:31.504  INFO 14624 --- [main] ationConfigEmbeddedWebApplicationContext : Refreshing org.springframework.boot.context.embedded.AnnotationConfigEmbeddedWebApplicationContext@bf36f469: startup date [Mon Aug 21 05:12:31 EAT 2023]; root of context hierarchy
2023-08-21 05:12:32.828  INFO 14624 --- [main] o.s.b.f.s.DefaultListableBeanFactory     : Overriding bean definition for bean 'beanNameViewResolver': replacing [Root bean: class [null]; scope=; abstract=false; lazyInit=false; autowireMode=3; dependencyCheck=0; autowireCandidate=true; primary=false; factoryBeanName=org.springframework.boot.autoconfigure.web.ErrorMvcAutoConfiguration$WhitelabelErrorViewConfiguration; factoryMethodName=beanNameViewResolver; initMethodName=null; destroyMethodName=(inferred); defined in class path resource [org/springframework/boot/autoconfigure/web/ErrorMvcAutoConfiguration$WhitelabelErrorViewConfiguration.class]] with [Root bean: class [null]; scope=; abstract=false; lazyInit=false; autowireMode=3; dependencyCheck=0; autowireCandidate=true; primary=false; factoryBeanName=org.springframework.boot.autoconfigure.web.WebMvcAutoConfiguration$WebMvcAutoConfigurationAdapter; factoryMethodName=beanNameViewResolver; initMethodName=null; destroyMethodName=(inferred); defined in class path resource [org/springframework/boot/autoconfigure/web/WebMvcAutoConfiguration$WebMvcAutoConfigurationAdapter.class]]
2023-08-21 05:12:33.904  INFO 14624 --- [main] trationDelegate$BeanPostProcessorChecker : Bean 'org.springframework.scheduling.annotation.ProxyAsyncConfiguration' of type [class org.springframework.scheduling.annotation.ProxyAsyncConfiguration$$EnhancerBySpringCGLIB$$1a0813c4] is not eligible for getting processed by all BeanPostProcessors (for example: not eligible for auto-proxying)
2023-08-21 05:12:34.107  INFO 14624 --- [main] trationDelegate$BeanPostProcessorChecker : Bean 'org.springframework.transaction.annotation.ProxyTransactionManagementConfiguration' of type [class org.springframework.transaction.annotation.ProxyTransactionManagementConfiguration$$EnhancerBySpringCGLIB$$2e39b83] is not eligible for getting processed by all BeanPostProcessors (for example: not eligible for auto-proxying)
2023-08-21 05:12:34.144  INFO 14624 --- [main] trationDelegate$BeanPostProcessorChecker : Bean 'transactionAttributeSource' of type [class org.springframework.transaction.annotation.AnnotationTransactionAttributeSource] is not eligible for getting processed by all BeanPostProcessors (for example: not eligible for auto-proxying)
2023-08-21 05:12:34.166  INFO 14624 --- [main] trationDelegate$BeanPostProcessorChecker : Bean 'transactionInterceptor' of type [class org.springframework.transaction.interceptor.TransactionInterceptor] is not eligible for getting processed by all BeanPostProcessors (for example: not eligible for auto-proxying)
2023-08-21 05:12:34.223  INFO 14624 --- [main] trationDelegate$BeanPostProcessorChecker : Bean 'org.springframework.transaction.config.internalTransactionAdvisor' of type [class org.springframework.transaction.interceptor.BeanFactoryTransactionAttributeSourceAdvisor] is not eligible for getting processed by all BeanPostProcessors (for example: not eligible for auto-proxying)
2023-08-21 05:12:35.534  INFO 14624 --- [main] s.b.c.e.t.TomcatEmbeddedServletContainer : Tomcat initialized with port(s): 8081 (http)
2023-08-21 05:12:35.722  INFO 14624 --- [main] o.apache.catalina.core.StandardService   : Starting service Tomcat
2023-08-21 05:12:35.724  INFO 14624 --- [main] org.apache.catalina.core.StandardEngine  : Starting Servlet Engine: Apache Tomcat/8.0.23
2023-08-21 05:12:35.833  INFO 14624 --- [localhost-startStop-1] o.a.c.c.C.[Tomcat].[localhost].[/]       : Initializing Spring embedded WebApplicationContext
2023-08-21 05:12:35.834  INFO 14624 --- [localhost-startStop-1] o.s.web.context.ContextLoader            : Root WebApplicationContext: initialization completed in 4331 ms
2023-08-21 05:12:36.615  INFO 14624 --- [localhost-startStop-1] o.s.b.c.e.ServletRegistrationBean        : Mapping servlet: 'dispatcherServlet' to [/]
2023-08-21 05:12:36.624  INFO 14624 --- [localhost-startStop-1] o.s.b.c.embedded.FilterRegistrationBean  : Mapping filter: 'characterEncodingFilter' to: [/*]
2023-08-21 05:12:36.625  INFO 14624 --- [localhost-startStop-1] o.s.b.c.embedded.FilterRegistrationBean  : Mapping filter: 'hiddenHttpMethodFilter' to: [/*]
2023-08-21 05:12:37.025  INFO 14624 --- [main] j.LocalContainerEntityManagerFactoryBean : Building JPA container EntityManagerFactory for persistence unit 'default'
2023-08-21 05:12:37.034  INFO 14624 --- [main] o.hibernate.jpa.internal.util.LogHelper  : HHH000204: Processing PersistenceUnitInfo [
	name: default
	...]
2023-08-21 05:12:37.132  INFO 14624 --- [main] org.hibernate.Version                    : HHH000412: Hibernate Core {4.3.10.Final}
2023-08-21 05:12:37.135  INFO 14624 --- [main] org.hibernate.cfg.Environment            : HHH000206: hibernate.properties not found
2023-08-21 05:12:37.137  INFO 14624 --- [main] org.hibernate.cfg.Environment            : HHH000021: Bytecode provider name : javassist
2023-08-21 05:12:37.413  INFO 14624 --- [main] o.hibernate.annotations.common.Version   : HCANN000001: Hibernate Commons Annotations {4.0.5.Final}
2023-08-21 05:12:37.633  INFO 14624 --- [main] org.hibernate.dialect.Dialect            : HHH000400: Using dialect: org.hibernate.dialect.H2Dialect
2023-08-21 05:12:37.778  INFO 14624 --- [main] o.h.h.i.ast.ASTQueryTranslatorFactory    : HHH000397: Using ASTQueryTranslatorFactory
2023-08-21 05:12:38.063  INFO 14624 --- [main] org.hibernate.tool.hbm2ddl.SchemaExport  : HHH000227: Running hbm2ddl schema export
2023-08-21 05:12:38.080  INFO 14624 --- [main] org.hibernate.tool.hbm2ddl.SchemaExport  : HHH000230: Schema export complete
2023-08-21 05:12:38.668  INFO 14624 --- [main] s.w.s.m.m.a.RequestMappingHandlerAdapter : Looking for @ControllerAdvice: org.springframework.boot.context.embedded.AnnotationConfigEmbeddedWebApplicationContext@bf36f469: startup date [Mon Aug 21 05:12:31 EAT 2023]; root of context hierarchy
2023-08-21 05:12:38.742  INFO 14624 --- [main] s.w.s.m.m.a.RequestMappingHandlerMapping : Mapped "{[/elevators],methods=[GET]}" onto public java.util.List<com.beemchallenge.caleb.business.Elevator> com.beemchallenge.caleb.controller.ElevatorController.findElevators()
2023-08-21 05:12:38.743  INFO 14624 --- [main] s.w.s.m.m.a.RequestMappingHandlerMapping : Mapped "{[/elevators/floorNo/{floorNo}/toFloorNo/{toFloorNo}/noOfPeople/{noOfPeople}],methods=[GET]}" onto public com.beemchallenge.caleb.business.Elevator com.beemchallenge.caleb.controller.ElevatorController.requestElevator(int,int,int)
2023-08-21 05:12:38.744  INFO 14624 --- [main] s.w.s.m.m.a.RequestMappingHandlerMapping : Mapped "{[/elevatormovements],methods=[GET]}" onto public java.util.List<com.beemchallenge.caleb.model.ElevatorMovement> com.beemchallenge.caleb.controller.ElevatorMovementController.findElevatorMovements()
2023-08-21 05:12:38.745  INFO 14624 --- [main] s.w.s.m.m.a.RequestMappingHandlerMapping : Mapped "{[/elevatormovements/{elevatorID}],methods=[GET]}" onto public java.util.List<com.beemchallenge.caleb.model.ElevatorMovement> com.beemchallenge.caleb.controller.ElevatorMovementController.findElevatorMovementsOfElevator(java.lang.String)
2023-08-21 05:12:38.746  INFO 14624 --- [main] s.w.s.m.m.a.RequestMappingHandlerMapping : Mapped "{[/error],produces=[text/html]}" onto public org.springframework.web.servlet.ModelAndView org.springframework.boot.autoconfigure.web.BasicErrorController.errorHtml(javax.servlet.http.HttpServletRequest)
2023-08-21 05:12:38.747  INFO 14624 --- [main] s.w.s.m.m.a.RequestMappingHandlerMapping : Mapped "{[/error]}" onto public org.springframework.http.ResponseEntity<java.util.Map<java.lang.String, java.lang.Object>> org.springframework.boot.autoconfigure.web.BasicErrorController.error(javax.servlet.http.HttpServletRequest)
2023-08-21 05:12:38.751  INFO 14624 --- [main] o.s.w.s.c.a.WebMvcConfigurerAdapter      : Adding welcome page: file:/C:/Users/25470/cybersource/BeemTechChallenge/target/classes/static/index.html
2023-08-21 05:12:38.764  INFO 14624 --- [main] o.s.w.s.handler.SimpleUrlHandlerMapping  : Root mapping to handler of type [class org.springframework.web.servlet.mvc.ParameterizableViewController]
2023-08-21 05:12:38.777  INFO 14624 --- [main] o.s.w.s.handler.SimpleUrlHandlerMapping  : Mapped URL path [/webjars/**] onto handler of type [class org.springframework.web.servlet.resource.ResourceHttpRequestHandler]
2023-08-21 05:12:38.777  INFO 14624 --- [main] o.s.w.s.handler.SimpleUrlHandlerMapping  : Mapped URL path [/**] onto handler of type [class org.springframework.web.servlet.resource.ResourceHttpRequestHandler]
2023-08-21 05:12:38.825  INFO 14624 --- [main] o.s.w.s.handler.SimpleUrlHandlerMapping  : Mapped URL path [/**/favicon.ico] onto handler of type [class org.springframework.web.servlet.resource.ResourceHttpRequestHandler]
2023-08-21 05:12:39.074  INFO 14624 --- [main] o.s.j.e.a.AnnotationMBeanExporter        : Registering beans for JMX exposure on startup
2023-08-21 05:12:39.152  INFO 14624 --- [main] s.b.c.e.t.TomcatEmbeddedServletContainer : Tomcat started on port(s): 8081 (http)
2023-08-21 05:12:39.155  INFO 14624 --- [main] com.beemchallenge.caleb.Application      : Started Application in 8.03 seconds (JVM running for 8.812)
2023-08-21 05:12:54.375  INFO 14624 --- [http-nio-8081-exec-1] o.a.c.c.C.[Tomcat].[localhost].[/]       : Initializing Spring FrameworkServlet 'dispatcherServlet'
2023-08-21 05:12:54.377  INFO 14624 --- [http-nio-8081-exec-1] o.s.web.servlet.DispatcherServlet        : FrameworkServlet 'dispatcherServlet': initialization started
2023-08-21 05:12:54.495  INFO 14624 --- [http-nio-8081-exec-1] o.s.web.servlet.DispatcherServlet        : FrameworkServlet 'dispatcherServlet': initialization completed in 118 ms
2023-08-21 05:15:58.484  INFO 14624 --- [Thread-1] ationConfigEmbeddedWebApplicationContext : Closing org.springframework.boot.context.embedded.AnnotationConfigEmbeddedWebApplicationContext@bf36f469: startup date [Mon Aug 21 05:12:31 EAT 2023]; root of context hierarchy
2023-08-21 05:15:58.489  INFO 14624 --- [Thread-1] o.s.j.e.a.AnnotationMBeanExporter        : Unregistering JMX-exposed beans on shutdown
2023-08-21 05:15:58.496  INFO 14624 --- [Thread-1] j.LocalContainerEntityManagerFactoryBean : Closing JPA EntityManagerFactory for persistence unit 'default'
2023-08-21 05:15:58.497  INFO 14624 --- [Thread-1] org.hibernate.tool.hbm2ddl.SchemaExport  : HHH000227: Running hbm2ddl schema export
2023-08-21 05:15:58.534  INFO 14624 --- [Thread-1] org.hibernate.tool.hbm2ddl.SchemaExport  : HHH000230: Schema export complete
2023-08-21 05:16:02.871  INFO 15208 --- [main] com.beemchallenge.caleb.Application      : Starting Application on geek with PID 15208 (C:\Users\25470\cybersource\BeemTechChallenge\target\classes started by makau in C:\Users\25470\cybersource\BeemTechChallenge)
2023-08-21 05:16:02.939  INFO 15208 --- [main] ationConfigEmbeddedWebApplicationContext : Refreshing org.springframework.boot.context.embedded.AnnotationConfigEmbeddedWebApplicationContext@2cd9bb63: startup date [Mon Aug 21 05:16:02 EAT 2023]; root of context hierarchy
2023-08-21 05:16:04.392  INFO 15208 --- [main] o.s.b.f.s.DefaultListableBeanFactory     : Overriding bean definition for bean 'beanNameViewResolver': replacing [Root bean: class [null]; scope=; abstract=false; lazyInit=false; autowireMode=3; dependencyCheck=0; autowireCandidate=true; primary=false; factoryBeanName=org.springframework.boot.autoconfigure.web.ErrorMvcAutoConfiguration$WhitelabelErrorViewConfiguration; factoryMethodName=beanNameViewResolver; initMethodName=null; destroyMethodName=(inferred); defined in class path resource [org/springframework/boot/autoconfigure/web/ErrorMvcAutoConfiguration$WhitelabelErrorViewConfiguration.class]] with [Root bean: class [null]; scope=; abstract=false; lazyInit=false; autowireMode=3; dependencyCheck=0; autowireCandidate=true; primary=false; factoryBeanName=org.springframework.boot.autoconfigure.web.WebMvcAutoConfiguration$WebMvcAutoConfigurationAdapter; factoryMethodName=beanNameViewResolver; initMethodName=null; destroyMethodName=(inferred); defined in class path resource [org/springframework/boot/autoconfigure/web/WebMvcAutoConfiguration$WebMvcAutoConfigurationAdapter.class]]
2023-08-21 05:16:05.643  INFO 15208 --- [main] trationDelegate$BeanPostProcessorChecker : Bean 'org.springframework.scheduling.annotation.ProxyAsyncConfiguration' of type [class org.springframework.scheduling.annotation.ProxyAsyncConfiguration$$EnhancerBySpringCGLIB$$ed558faa] is not eligible for getting processed by all BeanPostProcessors (for example: not eligible for auto-proxying)
2023-08-21 05:16:05.845  INFO 15208 --- [main] trationDelegate$BeanPostProcessorChecker : Bean 'org.springframework.transaction.annotation.ProxyTransactionManagementConfiguration' of type [class org.springframework.transaction.annotation.ProxyTransactionManagementConfiguration$$EnhancerBySpringCGLIB$$d6311769] is not eligible for getting processed by all BeanPostProcessors (for example: not eligible for auto-proxying)
2023-08-21 05:16:05.879  INFO 15208 --- [main] trationDelegate$BeanPostProcessorChecker : Bean 'transactionAttributeSource' of type [class org.springframework.transaction.annotation.AnnotationTransactionAttributeSource] is not eligible for getting processed by all BeanPostProcessors (for example: not eligible for auto-proxying)
2023-08-21 05:16:05.897  INFO 15208 --- [main] trationDelegate$BeanPostProcessorChecker : Bean 'transactionInterceptor' of type [class org.springframework.transaction.interceptor.TransactionInterceptor] is not eligible for getting processed by all BeanPostProcessors (for example: not eligible for auto-proxying)
2023-08-21 05:16:05.907  INFO 15208 --- [main] trationDelegate$BeanPostProcessorChecker : Bean 'org.springframework.transaction.config.internalTransactionAdvisor' of type [class org.springframework.transaction.interceptor.BeanFactoryTransactionAttributeSourceAdvisor] is not eligible for getting processed by all BeanPostProcessors (for example: not eligible for auto-proxying)
2023-08-21 05:16:07.317  INFO 15208 --- [main] s.b.c.e.t.TomcatEmbeddedServletContainer : Tomcat initialized with port(s): 8081 (http)
2023-08-21 05:16:07.508  INFO 15208 --- [main] o.apache.catalina.core.StandardService   : Starting service Tomcat
2023-08-21 05:16:07.510  INFO 15208 --- [main] org.apache.catalina.core.StandardEngine  : Starting Servlet Engine: Apache Tomcat/8.0.23
2023-08-21 05:16:07.662  INFO 15208 --- [localhost-startStop-1] o.a.c.c.C.[Tomcat].[localhost].[/]       : Initializing Spring embedded WebApplicationContext
2023-08-21 05:16:07.662  INFO 15208 --- [localhost-startStop-1] o.s.web.context.ContextLoader            : Root WebApplicationContext: initialization completed in 4723 ms
2023-08-21 05:16:08.463  INFO 15208 --- [localhost-startStop-1] o.s.b.c.e.ServletRegistrationBean        : Mapping servlet: 'dispatcherServlet' to [/]
2023-08-21 05:16:08.468  INFO 15208 --- [localhost-startStop-1] o.s.b.c.embedded.FilterRegistrationBean  : Mapping filter: 'characterEncodingFilter' to: [/*]
2023-08-21 05:16:08.468  INFO 15208 --- [localhost-startStop-1] o.s.b.c.embedded.FilterRegistrationBean  : Mapping filter: 'hiddenHttpMethodFilter' to: [/*]
2023-08-21 05:16:08.872  INFO 15208 --- [main] j.LocalContainerEntityManagerFactoryBean : Building JPA container EntityManagerFactory for persistence unit 'default'
2023-08-21 05:16:08.880  INFO 15208 --- [main] o.hibernate.jpa.internal.util.LogHelper  : HHH000204: Processing PersistenceUnitInfo [
	name: default
	...]
2023-08-21 05:16:08.992  INFO 15208 --- [main] org.hibernate.Version                    : HHH000412: Hibernate Core {4.3.10.Final}
2023-08-21 05:16:08.994  INFO 15208 --- [main] org.hibernate.cfg.Environment            : HHH000206: hibernate.properties not found
2023-08-21 05:16:08.996  INFO 15208 --- [main] org.hibernate.cfg.Environment            : HHH000021: Bytecode provider name : javassist
2023-08-21 05:16:09.249  INFO 15208 --- [main] o.hibernate.annotations.common.Version   : HCANN000001: Hibernate Commons Annotations {4.0.5.Final}
2023-08-21 05:16:09.462  INFO 15208 --- [main] org.hibernate.dialect.Dialect            : HHH000400: Using dialect: org.hibernate.dialect.H2Dialect
2023-08-21 05:16:09.597  INFO 15208 --- [main] o.h.h.i.ast.ASTQueryTranslatorFactory    : HHH000397: Using ASTQueryTranslatorFactory
2023-08-21 05:16:09.887  INFO 15208 --- [main] org.hibernate.tool.hbm2ddl.SchemaExport  : HHH000227: Running hbm2ddl schema export
2023-08-21 05:16:09.900  INFO 15208 --- [main] org.hibernate.tool.hbm2ddl.SchemaExport  : HHH000230: Schema export complete
2023-08-21 05:16:10.492  INFO 15208 --- [main] s.w.s.m.m.a.RequestMappingHandlerAdapter : Looking for @ControllerAdvice: org.springframework.boot.context.embedded.AnnotationConfigEmbeddedWebApplicationContext@2cd9bb63: startup date [Mon Aug 21 05:16:02 EAT 2023]; root of context hierarchy
2023-08-21 05:16:10.564  INFO 15208 --- [main] s.w.s.m.m.a.RequestMappingHandlerMapping : Mapped "{[/elevators],methods=[GET]}" onto public java.util.List<com.beemchallenge.caleb.business.Elevator> com.beemchallenge.caleb.controller.ElevatorController.findElevators()
2023-08-21 05:16:10.565  INFO 15208 --- [main] s.w.s.m.m.a.RequestMappingHandlerMapping : Mapped "{[/elevators/floorNo/{floorNo}/toFloorNo/{toFloorNo}/noOfPeople/{noOfPeople}],methods=[GET]}" onto public com.beemchallenge.caleb.business.Elevator com.beemchallenge.caleb.controller.ElevatorController.requestElevator(int,int,int)
2023-08-21 05:16:10.567  INFO 15208 --- [main] s.w.s.m.m.a.RequestMappingHandlerMapping : Mapped "{[/elevatormovements],methods=[GET]}" onto public java.util.List<com.beemchallenge.caleb.model.ElevatorMovement> com.beemchallenge.caleb.controller.ElevatorMovementController.findElevatorMovements()
2023-08-21 05:16:10.567  INFO 15208 --- [main] s.w.s.m.m.a.RequestMappingHandlerMapping : Mapped "{[/elevatormovements/{elevatorID}],methods=[GET]}" onto public java.util.List<com.beemchallenge.caleb.model.ElevatorMovement> com.beemchallenge.caleb.controller.ElevatorMovementController.findElevatorMovementsOfElevator(java.lang.String)
2023-08-21 05:16:10.568  INFO 15208 --- [main] s.w.s.m.m.a.RequestMappingHandlerMapping : Mapped "{[/error],produces=[text/html]}" onto public org.springframework.web.servlet.ModelAndView org.springframework.boot.autoconfigure.web.BasicErrorController.errorHtml(javax.servlet.http.HttpServletRequest)
2023-08-21 05:16:10.569  INFO 15208 --- [main] s.w.s.m.m.a.RequestMappingHandlerMapping : Mapped "{[/error]}" onto public org.springframework.http.ResponseEntity<java.util.Map<java.lang.String, java.lang.Object>> org.springframework.boot.autoconfigure.web.BasicErrorController.error(javax.servlet.http.HttpServletRequest)
2023-08-21 05:16:10.574  INFO 15208 --- [main] o.s.w.s.c.a.WebMvcConfigurerAdapter      : Adding welcome page: file:/C:/Users/25470/cybersource/BeemTechChallenge/target/classes/static/index.html
2023-08-21 05:16:10.587  INFO 15208 --- [main] o.s.w.s.handler.SimpleUrlHandlerMapping  : Root mapping to handler of type [class org.springframework.web.servlet.mvc.ParameterizableViewController]
2023-08-21 05:16:10.599  INFO 15208 --- [main] o.s.w.s.handler.SimpleUrlHandlerMapping  : Mapped URL path [/webjars/**] onto handler of type [class org.springframework.web.servlet.resource.ResourceHttpRequestHandler]
2023-08-21 05:16:10.600  INFO 15208 --- [main] o.s.w.s.handler.SimpleUrlHandlerMapping  : Mapped URL path [/**] onto handler of type [class org.springframework.web.servlet.resource.ResourceHttpRequestHandler]
2023-08-21 05:16:10.648  INFO 15208 --- [main] o.s.w.s.handler.SimpleUrlHandlerMapping  : Mapped URL path [/**/favicon.ico] onto handler of type [class org.springframework.web.servlet.resource.ResourceHttpRequestHandler]
2023-08-21 05:16:10.912  INFO 15208 --- [main] o.s.j.e.a.AnnotationMBeanExporter        : Registering beans for JMX exposure on startup
2023-08-21 05:16:10.980  INFO 15208 --- [main] s.b.c.e.t.TomcatEmbeddedServletContainer : Tomcat started on port(s): 8081 (http)
2023-08-21 05:16:10.982  INFO 15208 --- [main] com.beemchallenge.caleb.Application      : Started Application in 8.627 seconds (JVM running for 9.66)
2023-08-21 05:16:11.072  INFO 15208 --- [http-nio-8081-exec-1] o.a.c.c.C.[Tomcat].[localhost].[/]       : Initializing Spring FrameworkServlet 'dispatcherServlet'
2023-08-21 05:16:11.072  INFO 15208 --- [http-nio-8081-exec-1] o.s.web.servlet.DispatcherServlet        : FrameworkServlet 'dispatcherServlet': initialization started
2023-08-21 05:16:11.095  INFO 15208 --- [http-nio-8081-exec-1] o.s.web.servlet.DispatcherServlet        : FrameworkServlet 'dispatcherServlet': initialization completed in 22 ms
2023-08-21 05:28:34.906  INFO 15208 --- [http-nio-8081-exec-3] c.b.caleb.controller.ElevatorController  : Request elevator for floorNo:10, toFloorNo:1, noOfPeople:1
2023-08-21 05:28:34.909  INFO 15208 --- [http-nio-8081-exec-3] c.b.caleb.controller.ElevatorController  : Scheduled elevator A
2023-08-21 05:28:39.371  INFO 15208 --- [http-nio-8081-exec-5] c.b.caleb.controller.ElevatorController  : Request elevator for floorNo:9, toFloorNo:6, noOfPeople:12
2023-08-21 05:28:39.372  INFO 15208 --- [http-nio-8081-exec-5] c.b.caleb.controller.ElevatorController  : Scheduled elevator B
2023-08-21 05:28:41.786  INFO 15208 --- [http-nio-8081-exec-8] c.b.caleb.controller.ElevatorController  : Request elevator for floorNo:8, toFloorNo:4, noOfPeople:8
2023-08-21 05:28:41.787  INFO 15208 --- [http-nio-8081-exec-8] c.b.caleb.controller.ElevatorController  : Scheduled elevator C
2023-08-21 05:28:44.100  INFO 15208 --- [http-nio-8081-exec-10] c.b.caleb.controller.ElevatorController  : Request elevator for floorNo:7, toFloorNo:3, noOfPeople:7
2023-08-21 05:28:44.101  INFO 15208 --- [http-nio-8081-exec-10] c.b.caleb.controller.ElevatorController  : Scheduled elevator D
2023-08-21 05:28:48.692  INFO 15208 --- [http-nio-8081-exec-6] c.b.caleb.controller.ElevatorController  : Request elevator for floorNo:4, toFloorNo:6, noOfPeople:5
2023-08-21 05:29:15.915  INFO 15208 --- [http-nio-8081-exec-9] c.b.caleb.controller.ElevatorController  : Request elevator for floorNo:2, toFloorNo:10, noOfPeople:4
2023-08-21 05:29:15.918  INFO 15208 --- [http-nio-8081-exec-9] c.b.caleb.controller.ElevatorController  : Scheduled elevator A
2023-08-21 05:29:19.443  INFO 15208 --- [http-nio-8081-exec-2] c.b.caleb.controller.ElevatorController  : Request elevator for floorNo:5, toFloorNo:1, noOfPeople:3
2023-08-21 05:29:19.445  INFO 15208 --- [http-nio-8081-exec-2] c.b.caleb.controller.ElevatorController  : Scheduled elevator B
2023-08-21 05:30:04.042  INFO 15208 --- [http-nio-8081-exec-8] c.b.caleb.controller.ElevatorController  : Request elevator for floorNo:1, toFloorNo:10, noOfPeople:10
2023-08-21 05:30:04.043  INFO 15208 --- [http-nio-8081-exec-8] c.b.caleb.controller.ElevatorController  : Scheduled elevator B
2023-08-21 05:30:06.929  INFO 15208 --- [http-nio-8081-exec-1] c.b.caleb.controller.ElevatorController  : Request elevator for floorNo:10, toFloorNo:1, noOfPeople:3
2023-08-21 05:30:06.931  INFO 15208 --- [http-nio-8081-exec-1] c.b.caleb.controller.ElevatorController  : Scheduled elevator A
2023-08-21 05:42:50.631  INFO 15208 --- [Thread-1] ationConfigEmbeddedWebApplicationContext : Closing org.springframework.boot.context.embedded.AnnotationConfigEmbeddedWebApplicationContext@2cd9bb63: startup date [Mon Aug 21 05:16:02 EAT 2023]; root of context hierarchy
2023-08-21 05:42:50.640  INFO 15208 --- [Thread-1] o.s.j.e.a.AnnotationMBeanExporter        : Unregistering JMX-exposed beans on shutdown
2023-08-21 05:42:50.673  INFO 15208 --- [Thread-1] j.LocalContainerEntityManagerFactoryBean : Closing JPA EntityManagerFactory for persistence unit 'default'
2023-08-21 05:42:50.677  INFO 15208 --- [Thread-1] org.hibernate.tool.hbm2ddl.SchemaExport  : HHH000227: Running hbm2ddl schema export
2023-08-21 05:42:50.688  INFO 15208 --- [Thread-1] org.hibernate.tool.hbm2ddl.SchemaExport  : HHH000230: Schema export complete
